2016-03-23 07:44:19.245  INFO 131676 --- [main] ationConfigEmbeddedWebApplicationContext : Refreshing org.springframework.boot.context.embedded.AnnotationConfigEmbeddedWebApplicationContext@730d2164: startup date [Wed Mar 23 07:44:19 CDT 2016]; parent: org.springframework.context.annotation.AnnotationConfigApplicationContext@6328d34a
2016-03-23 07:44:20.905  INFO 131676 --- [main] o.s.b.f.xml.XmlBeanDefinitionReader      : Loading XML bean definitions from class path resource [applicationContext-dao.xml]
2016-03-23 07:44:21.158  INFO 131676 --- [main] o.s.b.f.xml.XmlBeanDefinitionReader      : Loading XML bean definitions from class path resource [applicationContext-rules.xml]
2016-03-23 07:44:21.393  INFO 131676 --- [main] o.s.b.f.s.DefaultListableBeanFactory     : Overriding bean definition for bean 'beanNameViewResolver': replacing [Root bean: class [null]; scope=; abstract=false; lazyInit=false; autowireMode=3; dependencyCheck=0; autowireCandidate=true; primary=false; factoryBeanName=org.springframework.boot.autoconfigure.web.ErrorMvcAutoConfiguration$WhitelabelErrorViewConfiguration; factoryMethodName=beanNameViewResolver; initMethodName=null; destroyMethodName=(inferred); defined in class path resource [org/springframework/boot/autoconfigure/web/ErrorMvcAutoConfiguration$WhitelabelErrorViewConfiguration.class]] with [Root bean: class [null]; scope=; abstract=false; lazyInit=false; autowireMode=3; dependencyCheck=0; autowireCandidate=true; primary=false; factoryBeanName=org.springframework.boot.autoconfigure.web.WebMvcAutoConfiguration$WebMvcAutoConfigurationAdapter; factoryMethodName=beanNameViewResolver; initMethodName=null; destroyMethodName=(inferred); defined in class path resource [org/springframework/boot/autoconfigure/web/WebMvcAutoConfiguration$WebMvcAutoConfigurationAdapter.class]]
2016-03-23 07:44:21.730  INFO 131676 --- [main] o.s.b.f.s.DefaultListableBeanFactory     : Overriding bean definition for bean 'infoEndpoint': replacing [Root bean: class [null]; scope=; abstract=false; lazyInit=false; autowireMode=3; dependencyCheck=0; autowireCandidate=true; primary=false; factoryBeanName=org.springframework.boot.actuate.autoconfigure.EndpointAutoConfiguration; factoryMethodName=infoEndpoint; initMethodName=null; destroyMethodName=(inferred); defined in class path resource [org/springframework/boot/actuate/autoconfigure/EndpointAutoConfiguration.class]] with [Root bean: class [null]; scope=; abstract=false; lazyInit=false; autowireMode=3; dependencyCheck=0; autowireCandidate=true; primary=false; factoryBeanName=org.springframework.cloud.autoconfigure.RefreshAutoConfiguration$InfoEndpointRebinderConfiguration; factoryMethodName=infoEndpoint; initMethodName=null; destroyMethodName=(inferred); defined in class path resource [org/springframework/cloud/autoconfigure/RefreshAutoConfiguration$InfoEndpointRebinderConfiguration.class]]
2016-03-23 07:44:22.092  INFO 131676 --- [main] o.s.cloud.context.scope.GenericScope     : BeanFactory id=a86770ca-ffc7-3f28-9599-b43df4e5b9ea
2016-03-23 07:44:22.103  INFO 131676 --- [main] f.a.AutowiredAnnotationBeanPostProcessor : JSR-330 'javax.inject.Inject' annotation found and supported for autowiring
2016-03-23 07:44:22.184  INFO 131676 --- [main] trationDelegate$BeanPostProcessorChecker : Bean 'org.springframework.cloud.autoconfigure.RefreshAutoConfiguration$ConfigurationPropertiesRebinderConfiguration' of type [class org.springframework.cloud.autoconfigure.RefreshAutoConfiguration$ConfigurationPropertiesRebinderConfiguration$$EnhancerBySpringCGLIB$$41f9b611] is not eligible for getting processed by all BeanPostProcessors (for example: not eligible for auto-proxying)
2016-03-23 07:44:23.182  INFO 131676 --- [main] s.b.c.e.t.TomcatEmbeddedServletContainer : Tomcat initialized with port(s): 8080 (http)
2016-03-23 07:44:23.570  INFO 131676 --- [main] o.apache.catalina.core.StandardService   : Starting service Tomcat
2016-03-23 07:44:23.572  INFO 131676 --- [main] org.apache.catalina.core.StandardEngine  : Starting Servlet Engine: Apache Tomcat/8.0.23
2016-03-23 07:44:23.763  INFO 131676 --- [localhost-startStop-1] o.a.c.c.C.[Tomcat].[localhost].[/]       : Initializing Spring embedded WebApplicationContext
2016-03-23 07:44:23.764  INFO 131676 --- [localhost-startStop-1] o.s.web.context.ContextLoader            : Root WebApplicationContext: initialization completed in 4519 ms
2016-03-23 07:44:25.851  INFO 131676 --- [localhost-startStop-1] o.s.b.c.e.ServletRegistrationBean        : Mapping servlet: 'dispatcherServlet' to [/]
2016-03-23 07:44:25.858  INFO 131676 --- [localhost-startStop-1] o.s.b.c.embedded.FilterRegistrationBean  : Mapping filter: 'metricFilter' to: [/*]
2016-03-23 07:44:25.859  INFO 131676 --- [localhost-startStop-1] o.s.b.c.embedded.FilterRegistrationBean  : Mapping filter: 'characterEncodingFilter' to: [/*]
2016-03-23 07:44:25.861  INFO 131676 --- [localhost-startStop-1] o.s.b.c.embedded.FilterRegistrationBean  : Mapping filter: 'hiddenHttpMethodFilter' to: [/*]
2016-03-23 07:44:25.862  INFO 131676 --- [localhost-startStop-1] o.s.b.c.embedded.FilterRegistrationBean  : Mapping filter: 'webRequestLoggingFilter' to: [/*]
2016-03-23 07:44:25.863  INFO 131676 --- [localhost-startStop-1] o.s.b.c.embedded.FilterRegistrationBean  : Mapping filter: 'applicationContextIdFilter' to: [/*]
2016-03-23 07:44:25.986  INFO 131676 --- [main] o.m.m.logging.MorphiaLoggerFactory       : LoggerImplFactory set to org.mongodb.morphia.logging.jdk.JDKLoggerFactory
2016-03-23 07:44:27.045  INFO 131676 --- [main] s.w.s.m.m.a.RequestMappingHandlerAdapter : Looking for @ControllerAdvice: org.springframework.boot.context.embedded.AnnotationConfigEmbeddedWebApplicationContext@730d2164: startup date [Wed Mar 23 07:44:19 CDT 2016]; parent: org.springframework.context.annotation.AnnotationConfigApplicationContext@6328d34a
2016-03-23 07:44:27.203  INFO 131676 --- [main] s.w.s.m.m.a.RequestMappingHandlerMapping : Mapped "{[/error],methods=[],params=[],headers=[],consumes=[],produces=[],custom=[]}" onto public org.springframework.http.ResponseEntity<java.util.Map<java.lang.String, java.lang.Object>> org.springframework.boot.autoconfigure.web.BasicErrorController.error(javax.servlet.http.HttpServletRequest)
2016-03-23 07:44:27.204  INFO 131676 --- [main] s.w.s.m.m.a.RequestMappingHandlerMapping : Mapped "{[/error],methods=[],params=[],headers=[],consumes=[],produces=[text/html],custom=[]}" onto public org.springframework.web.servlet.ModelAndView org.springframework.boot.autoconfigure.web.BasicErrorController.errorHtml(javax.servlet.http.HttpServletRequest)
2016-03-23 07:44:27.287  INFO 131676 --- [main] o.s.w.s.handler.SimpleUrlHandlerMapping  : Mapped URL path [/webjars/**] onto handler of type [class org.springframework.web.servlet.resource.ResourceHttpRequestHandler]
2016-03-23 07:44:27.287  INFO 131676 --- [main] o.s.w.s.handler.SimpleUrlHandlerMapping  : Mapped URL path [/**] onto handler of type [class org.springframework.web.servlet.resource.ResourceHttpRequestHandler]
2016-03-23 07:44:27.382  INFO 131676 --- [main] o.s.w.s.handler.SimpleUrlHandlerMapping  : Mapped URL path [/**/favicon.ico] onto handler of type [class org.springframework.web.servlet.resource.ResourceHttpRequestHandler]
2016-03-23 07:44:28.664  INFO 131676 --- [main] o.s.b.a.e.mvc.EndpointHandlerMapping     : Mapped "{[/beans],methods=[GET],params=[],headers=[],consumes=[],produces=[],custom=[]}" onto public java.lang.Object org.springframework.boot.actuate.endpoint.mvc.EndpointMvcAdapter.invoke()
2016-03-23 07:44:28.664  INFO 131676 --- [main] o.s.b.a.e.mvc.EndpointHandlerMapping     : Mapped "{[/info],methods=[GET],params=[],headers=[],consumes=[],produces=[],custom=[]}" onto public java.lang.Object org.springframework.boot.actuate.endpoint.mvc.EndpointMvcAdapter.invoke()
2016-03-23 07:44:28.665  INFO 131676 --- [main] o.s.b.a.e.mvc.EndpointHandlerMapping     : Mapped "{[/resume],methods=[POST],params=[],headers=[],consumes=[],produces=[],custom=[]}" onto public java.lang.Object org.springframework.cloud.endpoint.GenericPostableMvcEndpoint.invoke()
2016-03-23 07:44:28.666  INFO 131676 --- [main] o.s.b.a.e.mvc.EndpointHandlerMapping     : Mapped "{[/trace],methods=[GET],params=[],headers=[],consumes=[],produces=[],custom=[]}" onto public java.lang.Object org.springframework.boot.actuate.endpoint.mvc.EndpointMvcAdapter.invoke()
2016-03-23 07:44:28.667  INFO 131676 --- [main] o.s.b.a.e.mvc.EndpointHandlerMapping     : Mapped "{[/env/{name:.*}],methods=[GET],params=[],headers=[],consumes=[],produces=[],custom=[]}" onto public java.lang.Object org.springframework.boot.actuate.endpoint.mvc.EnvironmentMvcEndpoint.value(java.lang.String)
2016-03-23 07:44:28.668  INFO 131676 --- [main] o.s.b.a.e.mvc.EndpointHandlerMapping     : Mapped "{[/env],methods=[GET],params=[],headers=[],consumes=[],produces=[],custom=[]}" onto public java.lang.Object org.springframework.boot.actuate.endpoint.mvc.EndpointMvcAdapter.invoke()
2016-03-23 07:44:28.668  INFO 131676 --- [main] o.s.b.a.e.mvc.EndpointHandlerMapping     : Mapped "{[/mappings],methods=[GET],params=[],headers=[],consumes=[],produces=[],custom=[]}" onto public java.lang.Object org.springframework.boot.actuate.endpoint.mvc.EndpointMvcAdapter.invoke()
2016-03-23 07:44:28.669  INFO 131676 --- [main] o.s.b.a.e.mvc.EndpointHandlerMapping     : Mapped "{[/archaius],methods=[GET],params=[],headers=[],consumes=[],produces=[],custom=[]}" onto public java.lang.Object org.springframework.boot.actuate.endpoint.mvc.EndpointMvcAdapter.invoke()
2016-03-23 07:44:28.670  INFO 131676 --- [main] o.s.b.a.e.mvc.EndpointHandlerMapping     : Mapped "{[/configprops],methods=[GET],params=[],headers=[],consumes=[],produces=[],custom=[]}" onto public java.lang.Object org.springframework.boot.actuate.endpoint.mvc.EndpointMvcAdapter.invoke()
2016-03-23 07:44:28.671  INFO 131676 --- [main] o.s.b.a.e.mvc.EndpointHandlerMapping     : Mapped "{[/pause],methods=[POST],params=[],headers=[],consumes=[],produces=[],custom=[]}" onto public java.lang.Object org.springframework.cloud.endpoint.GenericPostableMvcEndpoint.invoke()
2016-03-23 07:44:28.671  INFO 131676 --- [main] o.s.b.a.e.mvc.EndpointHandlerMapping     : Mapped "{[/health],methods=[],params=[],headers=[],consumes=[],produces=[],custom=[]}" onto public java.lang.Object org.springframework.boot.actuate.endpoint.mvc.HealthMvcEndpoint.invoke(java.security.Principal)
2016-03-23 07:44:28.672  INFO 131676 --- [main] o.s.b.a.e.mvc.EndpointHandlerMapping     : Mapped "{[/metrics/{name:.*}],methods=[GET],params=[],headers=[],consumes=[],produces=[],custom=[]}" onto public java.lang.Object org.springframework.boot.actuate.endpoint.mvc.MetricsMvcEndpoint.value(java.lang.String)
2016-03-23 07:44:28.672  INFO 131676 --- [main] o.s.b.a.e.mvc.EndpointHandlerMapping     : Mapped "{[/metrics],methods=[GET],params=[],headers=[],consumes=[],produces=[],custom=[]}" onto public java.lang.Object org.springframework.boot.actuate.endpoint.mvc.EndpointMvcAdapter.invoke()
2016-03-23 07:44:28.672  INFO 131676 --- [main] o.s.b.a.e.mvc.EndpointHandlerMapping     : Mapped "{[/refresh],methods=[POST],params=[],headers=[],consumes=[],produces=[],custom=[]}" onto public java.lang.Object org.springframework.cloud.endpoint.GenericPostableMvcEndpoint.invoke()
2016-03-23 07:44:28.673  INFO 131676 --- [main] o.s.b.a.e.mvc.EndpointHandlerMapping     : Mapped "{[/autoconfig],methods=[GET],params=[],headers=[],consumes=[],produces=[],custom=[]}" onto public java.lang.Object org.springframework.boot.actuate.endpoint.mvc.EndpointMvcAdapter.invoke()
2016-03-23 07:44:28.674  INFO 131676 --- [main] o.s.b.a.e.mvc.EndpointHandlerMapping     : Mapped "{[/env],methods=[POST],params=[],headers=[],consumes=[],produces=[],custom=[]}" onto public java.lang.Object org.springframework.cloud.context.environment.EnvironmentManagerMvcEndpoint.value(java.util.Map<java.lang.String, java.lang.String>)
2016-03-23 07:44:28.674  INFO 131676 --- [main] o.s.b.a.e.mvc.EndpointHandlerMapping     : Mapped "{[/env/reset],methods=[POST],params=[],headers=[],consumes=[],produces=[],custom=[]}" onto public java.util.Map<java.lang.String, java.lang.Object> org.springframework.cloud.context.environment.EnvironmentManagerMvcEndpoint.reset()
2016-03-23 07:44:28.675  INFO 131676 --- [main] o.s.b.a.e.mvc.EndpointHandlerMapping     : Mapped "{[/restart],methods=[POST],params=[],headers=[],consumes=[],produces=[],custom=[]}" onto public java.lang.Object org.springframework.cloud.context.restart.RestartMvcEndpoint.invoke()
2016-03-23 07:44:28.675  INFO 131676 --- [main] o.s.b.a.e.mvc.EndpointHandlerMapping     : Mapped "{[/dump],methods=[GET],params=[],headers=[],consumes=[],produces=[],custom=[]}" onto public java.lang.Object org.springframework.boot.actuate.endpoint.mvc.EndpointMvcAdapter.invoke()
2016-03-23 07:44:28.855  INFO 131676 --- [main] o.s.ui.freemarker.SpringTemplateLoader   : SpringTemplateLoader for FreeMarker: using resource loader [org.springframework.boot.context.embedded.AnnotationConfigEmbeddedWebApplicationContext@730d2164: startup date [Wed Mar 23 07:44:19 CDT 2016]; parent: org.springframework.context.annotation.AnnotationConfigApplicationContext@6328d34a] and template loader path [classpath:/templates/]
2016-03-23 07:44:28.857  INFO 131676 --- [main] o.s.w.s.v.f.FreeMarkerConfigurer         : ClassTemplateLoader for Spring macros added to FreeMarker configuration
2016-03-23 07:44:29.602  WARN 131676 --- [main] c.n.c.sources.URLConfigurationSource     : No URLs will be polled as dynamic configuration sources.
2016-03-23 07:44:29.602  INFO 131676 --- [main] c.n.c.sources.URLConfigurationSource     : To enable URLs as dynamic configuration sources, define System property archaius.configurationSource.additionalUrls or make config.properties available on classpath.
2016-03-23 07:44:29.625  WARN 131676 --- [main] c.n.c.sources.URLConfigurationSource     : No URLs will be polled as dynamic configuration sources.
2016-03-23 07:44:29.626  INFO 131676 --- [main] c.n.c.sources.URLConfigurationSource     : To enable URLs as dynamic configuration sources, define System property archaius.configurationSource.additionalUrls or make config.properties available on classpath.
2016-03-23 07:44:29.675  INFO 131676 --- [main] o.s.j.e.a.AnnotationMBeanExporter        : Registering beans for JMX exposure on startup
2016-03-23 07:44:29.695  INFO 131676 --- [main] o.s.j.e.a.AnnotationMBeanExporter        : Bean with name 'refreshEndpoint' has been autodetected for JMX exposure
2016-03-23 07:44:29.697  INFO 131676 --- [main] o.s.j.e.a.AnnotationMBeanExporter        : Bean with name 'restartEndpoint' has been autodetected for JMX exposure
2016-03-23 07:44:29.698  INFO 131676 --- [main] o.s.j.e.a.AnnotationMBeanExporter        : Bean with name 'configurationPropertiesRebinder' has been autodetected for JMX exposure
2016-03-23 07:44:29.699  INFO 131676 --- [main] o.s.j.e.a.AnnotationMBeanExporter        : Bean with name 'refreshScope' has been autodetected for JMX exposure
2016-03-23 07:44:29.701  INFO 131676 --- [main] o.s.j.e.a.AnnotationMBeanExporter        : Bean with name 'environmentManager' has been autodetected for JMX exposure
2016-03-23 07:44:29.708  INFO 131676 --- [main] o.s.j.e.a.AnnotationMBeanExporter        : Located managed bean 'environmentManager': registering with JMX server as MBean [org.springframework.cloud.context.environment:name=environmentManager,type=EnvironmentManager]
2016-03-23 07:44:29.733  INFO 131676 --- [main] o.s.j.e.a.AnnotationMBeanExporter        : Located managed bean 'restartEndpoint': registering with JMX server as MBean [org.springframework.cloud.context.restart:name=restartEndpoint,type=RestartEndpoint]
2016-03-23 07:44:29.747  INFO 131676 --- [main] o.s.j.e.a.AnnotationMBeanExporter        : Located managed bean 'refreshScope': registering with JMX server as MBean [org.springframework.cloud.context.scope.refresh:name=refreshScope,type=RefreshScope]
2016-03-23 07:44:29.764  INFO 131676 --- [main] o.s.j.e.a.AnnotationMBeanExporter        : Located managed bean 'configurationPropertiesRebinder': registering with JMX server as MBean [org.springframework.cloud.context.properties:name=configurationPropertiesRebinder,context=730d2164,type=ConfigurationPropertiesRebinder]
2016-03-23 07:44:29.781  INFO 131676 --- [main] o.s.j.e.a.AnnotationMBeanExporter        : Located managed bean 'refreshEndpoint': registering with JMX server as MBean [org.springframework.cloud.bootstrap.config:name=refreshEndpoint,type=RefreshEndpoint]
2016-03-23 07:44:29.789  INFO 131676 --- [main] o.s.c.support.DefaultLifecycleProcessor  : Starting beans in phase 0
2016-03-23 07:44:30.010  INFO 131676 --- [main] s.b.c.e.t.TomcatEmbeddedServletContainer : Tomcat started on port(s): 8080 (http)
2016-03-23 07:44:30.012  INFO 131676 --- [main] com.sensor.tests.TestAlert               : Started TestAlert in 12.3 seconds (JVM running for 13.04)
2016-03-23 07:44:30.118  INFO 131676 --- [main] ationConfigEmbeddedWebApplicationContext : Closing org.springframework.boot.context.embedded.AnnotationConfigEmbeddedWebApplicationContext@730d2164: startup date [Wed Mar 23 07:44:19 CDT 2016]; parent: org.springframework.context.annotation.AnnotationConfigApplicationContext@6328d34a
2016-03-23 07:44:30.120  INFO 131676 --- [main] o.s.c.support.DefaultLifecycleProcessor  : Stopping beans in phase 0
2016-03-23 07:44:30.126  INFO 131676 --- [main] o.s.j.e.a.AnnotationMBeanExporter        : Unregistering JMX-exposed beans on shutdown
2016-03-23 07:44:30.127  INFO 131676 --- [main] o.s.j.e.a.AnnotationMBeanExporter        : Unregistering JMX-exposed beans
2016-03-23 07:44:30.128  INFO 131676 --- [main] o.s.c.n.servo.ServoMetricCollector       : Stopping Servo PollScheduler
2016-03-23 07:44:30.212  INFO 131676 --- [Thread-1] s.c.a.AnnotationConfigApplicationContext : Closing org.springframework.context.annotation.AnnotationConfigApplicationContext@6328d34a: startup date [Wed Mar 23 07:44:18 CDT 2016]; root of context hierarchy
2016-03-23 07:44:40.108  INFO 134056 --- [main] ationConfigEmbeddedWebApplicationContext : Refreshing org.springframework.boot.context.embedded.AnnotationConfigEmbeddedWebApplicationContext@2d6764b2: startup date [Wed Mar 23 07:44:40 CDT 2016]; parent: org.springframework.context.annotation.AnnotationConfigApplicationContext@41fecb8b
2016-03-23 07:44:41.506  INFO 134056 --- [main] o.s.b.f.xml.XmlBeanDefinitionReader      : Loading XML bean definitions from class path resource [applicationContext-dao.xml]
2016-03-23 07:44:41.873  INFO 134056 --- [main] o.s.b.f.xml.XmlBeanDefinitionReader      : Loading XML bean definitions from class path resource [applicationContext-rules.xml]
2016-03-23 07:44:42.091  INFO 134056 --- [main] o.s.b.f.s.DefaultListableBeanFactory     : Overriding bean definition for bean 'beanNameViewResolver': replacing [Root bean: class [null]; scope=; abstract=false; lazyInit=false; autowireMode=3; dependencyCheck=0; autowireCandidate=true; primary=false; factoryBeanName=org.springframework.boot.autoconfigure.web.ErrorMvcAutoConfiguration$WhitelabelErrorViewConfiguration; factoryMethodName=beanNameViewResolver; initMethodName=null; destroyMethodName=(inferred); defined in class path resource [org/springframework/boot/autoconfigure/web/ErrorMvcAutoConfiguration$WhitelabelErrorViewConfiguration.class]] with [Root bean: class [null]; scope=; abstract=false; lazyInit=false; autowireMode=3; dependencyCheck=0; autowireCandidate=true; primary=false; factoryBeanName=org.springframework.boot.autoconfigure.web.WebMvcAutoConfiguration$WebMvcAutoConfigurationAdapter; factoryMethodName=beanNameViewResolver; initMethodName=null; destroyMethodName=(inferred); defined in class path resource [org/springframework/boot/autoconfigure/web/WebMvcAutoConfiguration$WebMvcAutoConfigurationAdapter.class]]
2016-03-23 07:44:42.447  INFO 134056 --- [main] o.s.b.f.s.DefaultListableBeanFactory     : Overriding bean definition for bean 'infoEndpoint': replacing [Root bean: class [null]; scope=; abstract=false; lazyInit=false; autowireMode=3; dependencyCheck=0; autowireCandidate=true; primary=false; factoryBeanName=org.springframework.boot.actuate.autoconfigure.EndpointAutoConfiguration; factoryMethodName=infoEndpoint; initMethodName=null; destroyMethodName=(inferred); defined in class path resource [org/springframework/boot/actuate/autoconfigure/EndpointAutoConfiguration.class]] with [Root bean: class [null]; scope=; abstract=false; lazyInit=false; autowireMode=3; dependencyCheck=0; autowireCandidate=true; primary=false; factoryBeanName=org.springframework.cloud.autoconfigure.RefreshAutoConfiguration$InfoEndpointRebinderConfiguration; factoryMethodName=infoEndpoint; initMethodName=null; destroyMethodName=(inferred); defined in class path resource [org/springframework/cloud/autoconfigure/RefreshAutoConfiguration$InfoEndpointRebinderConfiguration.class]]
2016-03-23 07:44:42.823  INFO 134056 --- [main] o.s.cloud.context.scope.GenericScope     : BeanFactory id=88a0476e-1464-320b-b5b6-7988b472374d
2016-03-23 07:44:42.835  INFO 134056 --- [main] f.a.AutowiredAnnotationBeanPostProcessor : JSR-330 'javax.inject.Inject' annotation found and supported for autowiring
2016-03-23 07:44:42.936  INFO 134056 --- [main] trationDelegate$BeanPostProcessorChecker : Bean 'org.springframework.cloud.autoconfigure.RefreshAutoConfiguration$ConfigurationPropertiesRebinderConfiguration' of type [class org.springframework.cloud.autoconfigure.RefreshAutoConfiguration$ConfigurationPropertiesRebinderConfiguration$$EnhancerBySpringCGLIB$$3cadd93e] is not eligible for getting processed by all BeanPostProcessors (for example: not eligible for auto-proxying)
2016-03-23 07:44:43.452  INFO 134056 --- [main] s.b.c.e.t.TomcatEmbeddedServletContainer : Tomcat initialized with port(s): 8080 (http)
2016-03-23 07:44:43.755  INFO 134056 --- [main] o.apache.catalina.core.StandardService   : Starting service Tomcat
2016-03-23 07:44:43.757  INFO 134056 --- [main] org.apache.catalina.core.StandardEngine  : Starting Servlet Engine: Apache Tomcat/8.0.23
2016-03-23 07:44:44.005  INFO 134056 --- [localhost-startStop-1] o.a.c.c.C.[Tomcat].[localhost].[/]       : Initializing Spring embedded WebApplicationContext
2016-03-23 07:44:44.006  INFO 134056 --- [localhost-startStop-1] o.s.web.context.ContextLoader            : Root WebApplicationContext: initialization completed in 3898 ms
2016-03-23 07:44:45.503  INFO 134056 --- [localhost-startStop-1] o.s.b.c.e.ServletRegistrationBean        : Mapping servlet: 'dispatcherServlet' to [/]
2016-03-23 07:44:45.509  INFO 134056 --- [localhost-startStop-1] o.s.b.c.embedded.FilterRegistrationBean  : Mapping filter: 'metricFilter' to: [/*]
2016-03-23 07:44:45.509  INFO 134056 --- [localhost-startStop-1] o.s.b.c.embedded.FilterRegistrationBean  : Mapping filter: 'characterEncodingFilter' to: [/*]
2016-03-23 07:44:45.510  INFO 134056 --- [localhost-startStop-1] o.s.b.c.embedded.FilterRegistrationBean  : Mapping filter: 'hiddenHttpMethodFilter' to: [/*]
2016-03-23 07:44:45.510  INFO 134056 --- [localhost-startStop-1] o.s.b.c.embedded.FilterRegistrationBean  : Mapping filter: 'webRequestLoggingFilter' to: [/*]
2016-03-23 07:44:45.510  INFO 134056 --- [localhost-startStop-1] o.s.b.c.embedded.FilterRegistrationBean  : Mapping filter: 'applicationContextIdFilter' to: [/*]
2016-03-23 07:44:45.582  INFO 134056 --- [main] o.m.m.logging.MorphiaLoggerFactory       : LoggerImplFactory set to org.mongodb.morphia.logging.jdk.JDKLoggerFactory
2016-03-23 07:44:46.766  INFO 134056 --- [main] s.w.s.m.m.a.RequestMappingHandlerAdapter : Looking for @ControllerAdvice: org.springframework.boot.context.embedded.AnnotationConfigEmbeddedWebApplicationContext@2d6764b2: startup date [Wed Mar 23 07:44:40 CDT 2016]; parent: org.springframework.context.annotation.AnnotationConfigApplicationContext@41fecb8b
2016-03-23 07:44:46.940  INFO 134056 --- [main] s.w.s.m.m.a.RequestMappingHandlerMapping : Mapped "{[/error],methods=[],params=[],headers=[],consumes=[],produces=[],custom=[]}" onto public org.springframework.http.ResponseEntity<java.util.Map<java.lang.String, java.lang.Object>> org.springframework.boot.autoconfigure.web.BasicErrorController.error(javax.servlet.http.HttpServletRequest)
2016-03-23 07:44:46.941  INFO 134056 --- [main] s.w.s.m.m.a.RequestMappingHandlerMapping : Mapped "{[/error],methods=[],params=[],headers=[],consumes=[],produces=[text/html],custom=[]}" onto public org.springframework.web.servlet.ModelAndView org.springframework.boot.autoconfigure.web.BasicErrorController.errorHtml(javax.servlet.http.HttpServletRequest)
2016-03-23 07:44:46.988  INFO 134056 --- [main] o.s.w.s.handler.SimpleUrlHandlerMapping  : Mapped URL path [/webjars/**] onto handler of type [class org.springframework.web.servlet.resource.ResourceHttpRequestHandler]
2016-03-23 07:44:46.988  INFO 134056 --- [main] o.s.w.s.handler.SimpleUrlHandlerMapping  : Mapped URL path [/**] onto handler of type [class org.springframework.web.servlet.resource.ResourceHttpRequestHandler]
2016-03-23 07:44:47.063  INFO 134056 --- [main] o.s.w.s.handler.SimpleUrlHandlerMapping  : Mapped URL path [/**/favicon.ico] onto handler of type [class org.springframework.web.servlet.resource.ResourceHttpRequestHandler]
2016-03-23 07:44:47.972  INFO 134056 --- [main] o.s.b.a.e.mvc.EndpointHandlerMapping     : Mapped "{[/beans],methods=[GET],params=[],headers=[],consumes=[],produces=[],custom=[]}" onto public java.lang.Object org.springframework.boot.actuate.endpoint.mvc.EndpointMvcAdapter.invoke()
2016-03-23 07:44:47.973  INFO 134056 --- [main] o.s.b.a.e.mvc.EndpointHandlerMapping     : Mapped "{[/trace],methods=[GET],params=[],headers=[],consumes=[],produces=[],custom=[]}" onto public java.lang.Object org.springframework.boot.actuate.endpoint.mvc.EndpointMvcAdapter.invoke()
2016-03-23 07:44:47.974  INFO 134056 --- [main] o.s.b.a.e.mvc.EndpointHandlerMapping     : Mapped "{[/env/{name:.*}],methods=[GET],params=[],headers=[],consumes=[],produces=[],custom=[]}" onto public java.lang.Object org.springframework.boot.actuate.endpoint.mvc.EnvironmentMvcEndpoint.value(java.lang.String)
2016-03-23 07:44:47.975  INFO 134056 --- [main] o.s.b.a.e.mvc.EndpointHandlerMapping     : Mapped "{[/env],methods=[GET],params=[],headers=[],consumes=[],produces=[],custom=[]}" onto public java.lang.Object org.springframework.boot.actuate.endpoint.mvc.EndpointMvcAdapter.invoke()
2016-03-23 07:44:47.976  INFO 134056 --- [main] o.s.b.a.e.mvc.EndpointHandlerMapping     : Mapped "{[/mappings],methods=[GET],params=[],headers=[],consumes=[],produces=[],custom=[]}" onto public java.lang.Object org.springframework.boot.actuate.endpoint.mvc.EndpointMvcAdapter.invoke()
2016-03-23 07:44:47.981  INFO 134056 --- [main] o.s.b.a.e.mvc.EndpointHandlerMapping     : Mapped "{[/archaius],methods=[GET],params=[],headers=[],consumes=[],produces=[],custom=[]}" onto public java.lang.Object org.springframework.boot.actuate.endpoint.mvc.EndpointMvcAdapter.invoke()
2016-03-23 07:44:47.982  INFO 134056 --- [main] o.s.b.a.e.mvc.EndpointHandlerMapping     : Mapped "{[/dump],methods=[GET],params=[],headers=[],consumes=[],produces=[],custom=[]}" onto public java.lang.Object org.springframework.boot.actuate.endpoint.mvc.EndpointMvcAdapter.invoke()
2016-03-23 07:44:47.982  INFO 134056 --- [main] o.s.b.a.e.mvc.EndpointHandlerMapping     : Mapped "{[/health],methods=[],params=[],headers=[],consumes=[],produces=[],custom=[]}" onto public java.lang.Object org.springframework.boot.actuate.endpoint.mvc.HealthMvcEndpoint.invoke(java.security.Principal)
2016-03-23 07:44:47.983  INFO 134056 --- [main] o.s.b.a.e.mvc.EndpointHandlerMapping     : Mapped "{[/metrics/{name:.*}],methods=[GET],params=[],headers=[],consumes=[],produces=[],custom=[]}" onto public java.lang.Object org.springframework.boot.actuate.endpoint.mvc.MetricsMvcEndpoint.value(java.lang.String)
2016-03-23 07:44:47.983  INFO 134056 --- [main] o.s.b.a.e.mvc.EndpointHandlerMapping     : Mapped "{[/metrics],methods=[GET],params=[],headers=[],consumes=[],produces=[],custom=[]}" onto public java.lang.Object org.springframework.boot.actuate.endpoint.mvc.EndpointMvcAdapter.invoke()
2016-03-23 07:44:47.986  INFO 134056 --- [main] o.s.b.a.e.mvc.EndpointHandlerMapping     : Mapped "{[/env],methods=[POST],params=[],headers=[],consumes=[],produces=[],custom=[]}" onto public java.lang.Object org.springframework.cloud.context.environment.EnvironmentManagerMvcEndpoint.value(java.util.Map<java.lang.String, java.lang.String>)
2016-03-23 07:44:47.986  INFO 134056 --- [main] o.s.b.a.e.mvc.EndpointHandlerMapping     : Mapped "{[/env/reset],methods=[POST],params=[],headers=[],consumes=[],produces=[],custom=[]}" onto public java.util.Map<java.lang.String, java.lang.Object> org.springframework.cloud.context.environment.EnvironmentManagerMvcEndpoint.reset()
2016-03-23 07:44:47.986  INFO 134056 --- [main] o.s.b.a.e.mvc.EndpointHandlerMapping     : Mapped "{[/info],methods=[GET],params=[],headers=[],consumes=[],produces=[],custom=[]}" onto public java.lang.Object org.springframework.boot.actuate.endpoint.mvc.EndpointMvcAdapter.invoke()
2016-03-23 07:44:47.987  INFO 134056 --- [main] o.s.b.a.e.mvc.EndpointHandlerMapping     : Mapped "{[/refresh],methods=[POST],params=[],headers=[],consumes=[],produces=[],custom=[]}" onto public java.lang.Object org.springframework.cloud.endpoint.GenericPostableMvcEndpoint.invoke()
2016-03-23 07:44:47.988  INFO 134056 --- [main] o.s.b.a.e.mvc.EndpointHandlerMapping     : Mapped "{[/resume],methods=[POST],params=[],headers=[],consumes=[],produces=[],custom=[]}" onto public java.lang.Object org.springframework.cloud.endpoint.GenericPostableMvcEndpoint.invoke()
2016-03-23 07:44:47.991  INFO 134056 --- [main] o.s.b.a.e.mvc.EndpointHandlerMapping     : Mapped "{[/restart],methods=[POST],params=[],headers=[],consumes=[],produces=[],custom=[]}" onto public java.lang.Object org.springframework.cloud.context.restart.RestartMvcEndpoint.invoke()
2016-03-23 07:44:47.991  INFO 134056 --- [main] o.s.b.a.e.mvc.EndpointHandlerMapping     : Mapped "{[/configprops],methods=[GET],params=[],headers=[],consumes=[],produces=[],custom=[]}" onto public java.lang.Object org.springframework.boot.actuate.endpoint.mvc.EndpointMvcAdapter.invoke()
2016-03-23 07:44:47.992  INFO 134056 --- [main] o.s.b.a.e.mvc.EndpointHandlerMapping     : Mapped "{[/autoconfig],methods=[GET],params=[],headers=[],consumes=[],produces=[],custom=[]}" onto public java.lang.Object org.springframework.boot.actuate.endpoint.mvc.EndpointMvcAdapter.invoke()
2016-03-23 07:44:47.992  INFO 134056 --- [main] o.s.b.a.e.mvc.EndpointHandlerMapping     : Mapped "{[/pause],methods=[POST],params=[],headers=[],consumes=[],produces=[],custom=[]}" onto public java.lang.Object org.springframework.cloud.endpoint.GenericPostableMvcEndpoint.invoke()
2016-03-23 07:44:48.158  INFO 134056 --- [main] o.s.ui.freemarker.SpringTemplateLoader   : SpringTemplateLoader for FreeMarker: using resource loader [org.springframework.boot.context.embedded.AnnotationConfigEmbeddedWebApplicationContext@2d6764b2: startup date [Wed Mar 23 07:44:40 CDT 2016]; parent: org.springframework.context.annotation.AnnotationConfigApplicationContext@41fecb8b] and template loader path [classpath:/templates/]
2016-03-23 07:44:48.262  INFO 134056 --- [main] o.s.w.s.v.f.FreeMarkerConfigurer         : ClassTemplateLoader for Spring macros added to FreeMarker configuration
2016-03-23 07:44:48.817  WARN 134056 --- [main] c.n.c.sources.URLConfigurationSource     : No URLs will be polled as dynamic configuration sources.
2016-03-23 07:44:48.822  INFO 134056 --- [main] c.n.c.sources.URLConfigurationSource     : To enable URLs as dynamic configuration sources, define System property archaius.configurationSource.additionalUrls or make config.properties available on classpath.
2016-03-23 07:44:48.835  WARN 134056 --- [main] c.n.c.sources.URLConfigurationSource     : No URLs will be polled as dynamic configuration sources.
2016-03-23 07:44:48.835  INFO 134056 --- [main] c.n.c.sources.URLConfigurationSource     : To enable URLs as dynamic configuration sources, define System property archaius.configurationSource.additionalUrls or make config.properties available on classpath.
2016-03-23 07:44:48.887  INFO 134056 --- [main] o.s.j.e.a.AnnotationMBeanExporter        : Registering beans for JMX exposure on startup
2016-03-23 07:44:48.913  INFO 134056 --- [main] o.s.j.e.a.AnnotationMBeanExporter        : Bean with name 'refreshEndpoint' has been autodetected for JMX exposure
2016-03-23 07:44:48.915  INFO 134056 --- [main] o.s.j.e.a.AnnotationMBeanExporter        : Bean with name 'restartEndpoint' has been autodetected for JMX exposure
2016-03-23 07:44:48.916  INFO 134056 --- [main] o.s.j.e.a.AnnotationMBeanExporter        : Bean with name 'configurationPropertiesRebinder' has been autodetected for JMX exposure
2016-03-23 07:44:48.918  INFO 134056 --- [main] o.s.j.e.a.AnnotationMBeanExporter        : Bean with name 'refreshScope' has been autodetected for JMX exposure
2016-03-23 07:44:48.925  INFO 134056 --- [main] o.s.j.e.a.AnnotationMBeanExporter        : Bean with name 'environmentManager' has been autodetected for JMX exposure
2016-03-23 07:44:48.929  INFO 134056 --- [main] o.s.j.e.a.AnnotationMBeanExporter        : Located managed bean 'environmentManager': registering with JMX server as MBean [org.springframework.cloud.context.environment:name=environmentManager,type=EnvironmentManager]
2016-03-23 07:44:48.956  INFO 134056 --- [main] o.s.j.e.a.AnnotationMBeanExporter        : Located managed bean 'restartEndpoint': registering with JMX server as MBean [org.springframework.cloud.context.restart:name=restartEndpoint,type=RestartEndpoint]
2016-03-23 07:44:48.969  INFO 134056 --- [main] o.s.j.e.a.AnnotationMBeanExporter        : Located managed bean 'refreshScope': registering with JMX server as MBean [org.springframework.cloud.context.scope.refresh:name=refreshScope,type=RefreshScope]
2016-03-23 07:44:48.996  INFO 134056 --- [main] o.s.j.e.a.AnnotationMBeanExporter        : Located managed bean 'configurationPropertiesRebinder': registering with JMX server as MBean [org.springframework.cloud.context.properties:name=configurationPropertiesRebinder,context=2d6764b2,type=ConfigurationPropertiesRebinder]
2016-03-23 07:44:49.018  INFO 134056 --- [main] o.s.j.e.a.AnnotationMBeanExporter        : Located managed bean 'refreshEndpoint': registering with JMX server as MBean [org.springframework.cloud.bootstrap.config:name=refreshEndpoint,type=RefreshEndpoint]
2016-03-23 07:44:49.058  INFO 134056 --- [main] o.s.c.support.DefaultLifecycleProcessor  : Starting beans in phase 0
2016-03-23 07:44:49.348  INFO 134056 --- [main] s.b.c.e.t.TomcatEmbeddedServletContainer : Tomcat started on port(s): 8080 (http)
2016-03-23 07:44:49.351  INFO 134056 --- [main] com.sensor.tests.TestController          : Started TestController in 10.499 seconds (JVM running for 12.068)
2016-03-23 07:45:16.326  INFO 130068 --- [main] ationConfigEmbeddedWebApplicationContext : Refreshing org.springframework.boot.context.embedded.AnnotationConfigEmbeddedWebApplicationContext@730d2164: startup date [Wed Mar 23 07:45:16 CDT 2016]; parent: org.springframework.context.annotation.AnnotationConfigApplicationContext@6328d34a
2016-03-23 07:45:17.851  INFO 130068 --- [main] o.s.b.f.xml.XmlBeanDefinitionReader      : Loading XML bean definitions from class path resource [applicationContext-dao.xml]
2016-03-23 07:45:18.187  INFO 130068 --- [main] o.s.b.f.xml.XmlBeanDefinitionReader      : Loading XML bean definitions from class path resource [applicationContext-rules.xml]
2016-03-23 07:45:18.440  INFO 130068 --- [main] o.s.b.f.s.DefaultListableBeanFactory     : Overriding bean definition for bean 'beanNameViewResolver': replacing [Root bean: class [null]; scope=; abstract=false; lazyInit=false; autowireMode=3; dependencyCheck=0; autowireCandidate=true; primary=false; factoryBeanName=org.springframework.boot.autoconfigure.web.ErrorMvcAutoConfiguration$WhitelabelErrorViewConfiguration; factoryMethodName=beanNameViewResolver; initMethodName=null; destroyMethodName=(inferred); defined in class path resource [org/springframework/boot/autoconfigure/web/ErrorMvcAutoConfiguration$WhitelabelErrorViewConfiguration.class]] with [Root bean: class [null]; scope=; abstract=false; lazyInit=false; autowireMode=3; dependencyCheck=0; autowireCandidate=true; primary=false; factoryBeanName=org.springframework.boot.autoconfigure.web.WebMvcAutoConfiguration$WebMvcAutoConfigurationAdapter; factoryMethodName=beanNameViewResolver; initMethodName=null; destroyMethodName=(inferred); defined in class path resource [org/springframework/boot/autoconfigure/web/WebMvcAutoConfiguration$WebMvcAutoConfigurationAdapter.class]]
2016-03-23 07:45:18.924  INFO 130068 --- [main] o.s.b.f.s.DefaultListableBeanFactory     : Overriding bean definition for bean 'infoEndpoint': replacing [Root bean: class [null]; scope=; abstract=false; lazyInit=false; autowireMode=3; dependencyCheck=0; autowireCandidate=true; primary=false; factoryBeanName=org.springframework.boot.actuate.autoconfigure.EndpointAutoConfiguration; factoryMethodName=infoEndpoint; initMethodName=null; destroyMethodName=(inferred); defined in class path resource [org/springframework/boot/actuate/autoconfigure/EndpointAutoConfiguration.class]] with [Root bean: class [null]; scope=; abstract=false; lazyInit=false; autowireMode=3; dependencyCheck=0; autowireCandidate=true; primary=false; factoryBeanName=org.springframework.cloud.autoconfigure.RefreshAutoConfiguration$InfoEndpointRebinderConfiguration; factoryMethodName=infoEndpoint; initMethodName=null; destroyMethodName=(inferred); defined in class path resource [org/springframework/cloud/autoconfigure/RefreshAutoConfiguration$InfoEndpointRebinderConfiguration.class]]
2016-03-23 07:45:19.457  INFO 130068 --- [main] o.s.cloud.context.scope.GenericScope     : BeanFactory id=b9250e2e-8a25-39bc-b32f-111a595db87b
2016-03-23 07:45:19.469  INFO 130068 --- [main] f.a.AutowiredAnnotationBeanPostProcessor : JSR-330 'javax.inject.Inject' annotation found and supported for autowiring
2016-03-23 07:45:19.593  INFO 130068 --- [main] trationDelegate$BeanPostProcessorChecker : Bean 'org.springframework.cloud.autoconfigure.RefreshAutoConfiguration$ConfigurationPropertiesRebinderConfiguration' of type [class org.springframework.cloud.autoconfigure.RefreshAutoConfiguration$ConfigurationPropertiesRebinderConfiguration$$EnhancerBySpringCGLIB$$41f9b611] is not eligible for getting processed by all BeanPostProcessors (for example: not eligible for auto-proxying)
2016-03-23 07:45:20.802  INFO 130068 --- [main] s.b.c.e.t.TomcatEmbeddedServletContainer : Tomcat initialized with port(s): 8080 (http)
2016-03-23 07:45:21.180  INFO 130068 --- [main] o.apache.catalina.core.StandardService   : Starting service Tomcat
2016-03-23 07:45:21.182  INFO 130068 --- [main] org.apache.catalina.core.StandardEngine  : Starting Servlet Engine: Apache Tomcat/8.0.23
2016-03-23 07:45:21.473  INFO 130068 --- [localhost-startStop-1] o.a.c.c.C.[Tomcat].[localhost].[/]       : Initializing Spring embedded WebApplicationContext
2016-03-23 07:45:21.474  INFO 130068 --- [localhost-startStop-1] o.s.web.context.ContextLoader            : Root WebApplicationContext: initialization completed in 5148 ms
2016-03-23 07:45:23.626  INFO 130068 --- [localhost-startStop-1] o.s.b.c.e.ServletRegistrationBean        : Mapping servlet: 'dispatcherServlet' to [/]
2016-03-23 07:45:23.634  INFO 130068 --- [localhost-startStop-1] o.s.b.c.embedded.FilterRegistrationBean  : Mapping filter: 'metricFilter' to: [/*]
2016-03-23 07:45:23.637  INFO 130068 --- [localhost-startStop-1] o.s.b.c.embedded.FilterRegistrationBean  : Mapping filter: 'characterEncodingFilter' to: [/*]
2016-03-23 07:45:23.637  INFO 130068 --- [localhost-startStop-1] o.s.b.c.embedded.FilterRegistrationBean  : Mapping filter: 'hiddenHttpMethodFilter' to: [/*]
2016-03-23 07:45:23.638  INFO 130068 --- [localhost-startStop-1] o.s.b.c.embedded.FilterRegistrationBean  : Mapping filter: 'webRequestLoggingFilter' to: [/*]
2016-03-23 07:45:23.638  INFO 130068 --- [localhost-startStop-1] o.s.b.c.embedded.FilterRegistrationBean  : Mapping filter: 'applicationContextIdFilter' to: [/*]
2016-03-23 07:45:23.837  INFO 130068 --- [main] o.m.m.logging.MorphiaLoggerFactory       : LoggerImplFactory set to org.mongodb.morphia.logging.jdk.JDKLoggerFactory
2016-03-23 07:45:24.833  INFO 130068 --- [main] s.w.s.m.m.a.RequestMappingHandlerAdapter : Looking for @ControllerAdvice: org.springframework.boot.context.embedded.AnnotationConfigEmbeddedWebApplicationContext@730d2164: startup date [Wed Mar 23 07:45:16 CDT 2016]; parent: org.springframework.context.annotation.AnnotationConfigApplicationContext@6328d34a
2016-03-23 07:45:24.998  INFO 130068 --- [main] s.w.s.m.m.a.RequestMappingHandlerMapping : Mapped "{[/error],methods=[],params=[],headers=[],consumes=[],produces=[],custom=[]}" onto public org.springframework.http.ResponseEntity<java.util.Map<java.lang.String, java.lang.Object>> org.springframework.boot.autoconfigure.web.BasicErrorController.error(javax.servlet.http.HttpServletRequest)
2016-03-23 07:45:25.000  INFO 130068 --- [main] s.w.s.m.m.a.RequestMappingHandlerMapping : Mapped "{[/error],methods=[],params=[],headers=[],consumes=[],produces=[text/html],custom=[]}" onto public org.springframework.web.servlet.ModelAndView org.springframework.boot.autoconfigure.web.BasicErrorController.errorHtml(javax.servlet.http.HttpServletRequest)
2016-03-23 07:45:25.064  INFO 130068 --- [main] o.s.w.s.handler.SimpleUrlHandlerMapping  : Mapped URL path [/webjars/**] onto handler of type [class org.springframework.web.servlet.resource.ResourceHttpRequestHandler]
2016-03-23 07:45:25.065  INFO 130068 --- [main] o.s.w.s.handler.SimpleUrlHandlerMapping  : Mapped URL path [/**] onto handler of type [class org.springframework.web.servlet.resource.ResourceHttpRequestHandler]
2016-03-23 07:45:25.208  INFO 130068 --- [main] o.s.w.s.handler.SimpleUrlHandlerMapping  : Mapped URL path [/**/favicon.ico] onto handler of type [class org.springframework.web.servlet.resource.ResourceHttpRequestHandler]
2016-03-23 07:45:26.567  INFO 130068 --- [main] o.s.b.a.e.mvc.EndpointHandlerMapping     : Mapped "{[/beans],methods=[GET],params=[],headers=[],consumes=[],produces=[],custom=[]}" onto public java.lang.Object org.springframework.boot.actuate.endpoint.mvc.EndpointMvcAdapter.invoke()
2016-03-23 07:45:26.567  INFO 130068 --- [main] o.s.b.a.e.mvc.EndpointHandlerMapping     : Mapped "{[/info],methods=[GET],params=[],headers=[],consumes=[],produces=[],custom=[]}" onto public java.lang.Object org.springframework.boot.actuate.endpoint.mvc.EndpointMvcAdapter.invoke()
2016-03-23 07:45:26.568  INFO 130068 --- [main] o.s.b.a.e.mvc.EndpointHandlerMapping     : Mapped "{[/resume],methods=[POST],params=[],headers=[],consumes=[],produces=[],custom=[]}" onto public java.lang.Object org.springframework.cloud.endpoint.GenericPostableMvcEndpoint.invoke()
2016-03-23 07:45:26.569  INFO 130068 --- [main] o.s.b.a.e.mvc.EndpointHandlerMapping     : Mapped "{[/trace],methods=[GET],params=[],headers=[],consumes=[],produces=[],custom=[]}" onto public java.lang.Object org.springframework.boot.actuate.endpoint.mvc.EndpointMvcAdapter.invoke()
2016-03-23 07:45:26.570  INFO 130068 --- [main] o.s.b.a.e.mvc.EndpointHandlerMapping     : Mapped "{[/env/{name:.*}],methods=[GET],params=[],headers=[],consumes=[],produces=[],custom=[]}" onto public java.lang.Object org.springframework.boot.actuate.endpoint.mvc.EnvironmentMvcEndpoint.value(java.lang.String)
2016-03-23 07:45:26.571  INFO 130068 --- [main] o.s.b.a.e.mvc.EndpointHandlerMapping     : Mapped "{[/env],methods=[GET],params=[],headers=[],consumes=[],produces=[],custom=[]}" onto public java.lang.Object org.springframework.boot.actuate.endpoint.mvc.EndpointMvcAdapter.invoke()
2016-03-23 07:45:26.572  INFO 130068 --- [main] o.s.b.a.e.mvc.EndpointHandlerMapping     : Mapped "{[/mappings],methods=[GET],params=[],headers=[],consumes=[],produces=[],custom=[]}" onto public java.lang.Object org.springframework.boot.actuate.endpoint.mvc.EndpointMvcAdapter.invoke()
2016-03-23 07:45:26.572  INFO 130068 --- [main] o.s.b.a.e.mvc.EndpointHandlerMapping     : Mapped "{[/archaius],methods=[GET],params=[],headers=[],consumes=[],produces=[],custom=[]}" onto public java.lang.Object org.springframework.boot.actuate.endpoint.mvc.EndpointMvcAdapter.invoke()
2016-03-23 07:45:26.572  INFO 130068 --- [main] o.s.b.a.e.mvc.EndpointHandlerMapping     : Mapped "{[/configprops],methods=[GET],params=[],headers=[],consumes=[],produces=[],custom=[]}" onto public java.lang.Object org.springframework.boot.actuate.endpoint.mvc.EndpointMvcAdapter.invoke()
2016-03-23 07:45:26.573  INFO 130068 --- [main] o.s.b.a.e.mvc.EndpointHandlerMapping     : Mapped "{[/pause],methods=[POST],params=[],headers=[],consumes=[],produces=[],custom=[]}" onto public java.lang.Object org.springframework.cloud.endpoint.GenericPostableMvcEndpoint.invoke()
2016-03-23 07:45:26.573  INFO 130068 --- [main] o.s.b.a.e.mvc.EndpointHandlerMapping     : Mapped "{[/health],methods=[],params=[],headers=[],consumes=[],produces=[],custom=[]}" onto public java.lang.Object org.springframework.boot.actuate.endpoint.mvc.HealthMvcEndpoint.invoke(java.security.Principal)
2016-03-23 07:45:26.574  INFO 130068 --- [main] o.s.b.a.e.mvc.EndpointHandlerMapping     : Mapped "{[/metrics/{name:.*}],methods=[GET],params=[],headers=[],consumes=[],produces=[],custom=[]}" onto public java.lang.Object org.springframework.boot.actuate.endpoint.mvc.MetricsMvcEndpoint.value(java.lang.String)
2016-03-23 07:45:26.574  INFO 130068 --- [main] o.s.b.a.e.mvc.EndpointHandlerMapping     : Mapped "{[/metrics],methods=[GET],params=[],headers=[],consumes=[],produces=[],custom=[]}" onto public java.lang.Object org.springframework.boot.actuate.endpoint.mvc.EndpointMvcAdapter.invoke()
2016-03-23 07:45:26.575  INFO 130068 --- [main] o.s.b.a.e.mvc.EndpointHandlerMapping     : Mapped "{[/refresh],methods=[POST],params=[],headers=[],consumes=[],produces=[],custom=[]}" onto public java.lang.Object org.springframework.cloud.endpoint.GenericPostableMvcEndpoint.invoke()
2016-03-23 07:45:26.575  INFO 130068 --- [main] o.s.b.a.e.mvc.EndpointHandlerMapping     : Mapped "{[/autoconfig],methods=[GET],params=[],headers=[],consumes=[],produces=[],custom=[]}" onto public java.lang.Object org.springframework.boot.actuate.endpoint.mvc.EndpointMvcAdapter.invoke()
2016-03-23 07:45:26.576  INFO 130068 --- [main] o.s.b.a.e.mvc.EndpointHandlerMapping     : Mapped "{[/env],methods=[POST],params=[],headers=[],consumes=[],produces=[],custom=[]}" onto public java.lang.Object org.springframework.cloud.context.environment.EnvironmentManagerMvcEndpoint.value(java.util.Map<java.lang.String, java.lang.String>)
2016-03-23 07:45:26.576  INFO 130068 --- [main] o.s.b.a.e.mvc.EndpointHandlerMapping     : Mapped "{[/env/reset],methods=[POST],params=[],headers=[],consumes=[],produces=[],custom=[]}" onto public java.util.Map<java.lang.String, java.lang.Object> org.springframework.cloud.context.environment.EnvironmentManagerMvcEndpoint.reset()
2016-03-23 07:45:26.577  INFO 130068 --- [main] o.s.b.a.e.mvc.EndpointHandlerMapping     : Mapped "{[/restart],methods=[POST],params=[],headers=[],consumes=[],produces=[],custom=[]}" onto public java.lang.Object org.springframework.cloud.context.restart.RestartMvcEndpoint.invoke()
2016-03-23 07:45:26.577  INFO 130068 --- [main] o.s.b.a.e.mvc.EndpointHandlerMapping     : Mapped "{[/dump],methods=[GET],params=[],headers=[],consumes=[],produces=[],custom=[]}" onto public java.lang.Object org.springframework.boot.actuate.endpoint.mvc.EndpointMvcAdapter.invoke()
2016-03-23 07:45:26.825  INFO 130068 --- [main] o.s.ui.freemarker.SpringTemplateLoader   : SpringTemplateLoader for FreeMarker: using resource loader [org.springframework.boot.context.embedded.AnnotationConfigEmbeddedWebApplicationContext@730d2164: startup date [Wed Mar 23 07:45:16 CDT 2016]; parent: org.springframework.context.annotation.AnnotationConfigApplicationContext@6328d34a] and template loader path [classpath:/templates/]
2016-03-23 07:45:26.827  INFO 130068 --- [main] o.s.w.s.v.f.FreeMarkerConfigurer         : ClassTemplateLoader for Spring macros added to FreeMarker configuration
2016-03-23 07:45:27.401  WARN 130068 --- [main] c.n.c.sources.URLConfigurationSource     : No URLs will be polled as dynamic configuration sources.
2016-03-23 07:45:27.402  INFO 130068 --- [main] c.n.c.sources.URLConfigurationSource     : To enable URLs as dynamic configuration sources, define System property archaius.configurationSource.additionalUrls or make config.properties available on classpath.
2016-03-23 07:45:27.417  WARN 130068 --- [main] c.n.c.sources.URLConfigurationSource     : No URLs will be polled as dynamic configuration sources.
2016-03-23 07:45:27.419  INFO 130068 --- [main] c.n.c.sources.URLConfigurationSource     : To enable URLs as dynamic configuration sources, define System property archaius.configurationSource.additionalUrls or make config.properties available on classpath.
2016-03-23 07:45:27.468  INFO 130068 --- [main] o.s.j.e.a.AnnotationMBeanExporter        : Registering beans for JMX exposure on startup
2016-03-23 07:45:27.484  INFO 130068 --- [main] o.s.j.e.a.AnnotationMBeanExporter        : Bean with name 'refreshEndpoint' has been autodetected for JMX exposure
2016-03-23 07:45:27.485  INFO 130068 --- [main] o.s.j.e.a.AnnotationMBeanExporter        : Bean with name 'restartEndpoint' has been autodetected for JMX exposure
2016-03-23 07:45:27.487  INFO 130068 --- [main] o.s.j.e.a.AnnotationMBeanExporter        : Bean with name 'configurationPropertiesRebinder' has been autodetected for JMX exposure
2016-03-23 07:45:27.488  INFO 130068 --- [main] o.s.j.e.a.AnnotationMBeanExporter        : Bean with name 'refreshScope' has been autodetected for JMX exposure
2016-03-23 07:45:27.489  INFO 130068 --- [main] o.s.j.e.a.AnnotationMBeanExporter        : Bean with name 'environmentManager' has been autodetected for JMX exposure
2016-03-23 07:45:27.493  INFO 130068 --- [main] o.s.j.e.a.AnnotationMBeanExporter        : Located managed bean 'environmentManager': registering with JMX server as MBean [org.springframework.cloud.context.environment:name=environmentManager,type=EnvironmentManager]
2016-03-23 07:45:27.544  INFO 130068 --- [main] o.s.j.e.a.AnnotationMBeanExporter        : Located managed bean 'restartEndpoint': registering with JMX server as MBean [org.springframework.cloud.context.restart:name=restartEndpoint,type=RestartEndpoint]
2016-03-23 07:45:27.561  INFO 130068 --- [main] o.s.j.e.a.AnnotationMBeanExporter        : Located managed bean 'refreshScope': registering with JMX server as MBean [org.springframework.cloud.context.scope.refresh:name=refreshScope,type=RefreshScope]
2016-03-23 07:45:27.572  INFO 130068 --- [main] o.s.j.e.a.AnnotationMBeanExporter        : Located managed bean 'configurationPropertiesRebinder': registering with JMX server as MBean [org.springframework.cloud.context.properties:name=configurationPropertiesRebinder,context=730d2164,type=ConfigurationPropertiesRebinder]
2016-03-23 07:45:27.621  INFO 130068 --- [main] o.s.j.e.a.AnnotationMBeanExporter        : Located managed bean 'refreshEndpoint': registering with JMX server as MBean [org.springframework.cloud.bootstrap.config:name=refreshEndpoint,type=RefreshEndpoint]
2016-03-23 07:45:27.636  INFO 130068 --- [main] o.s.c.support.DefaultLifecycleProcessor  : Starting beans in phase 0
2016-03-23 07:45:27.883  INFO 130068 --- [main] s.b.c.e.t.TomcatEmbeddedServletContainer : Tomcat started on port(s): 8080 (http)
2016-03-23 07:45:27.884  INFO 130068 --- [main] com.sensor.tests.TestMetric              : Started TestMetric in 13.052 seconds (JVM running for 13.788)
2016-03-23 07:45:28.012  INFO 130068 --- [main] ationConfigEmbeddedWebApplicationContext : Closing org.springframework.boot.context.embedded.AnnotationConfigEmbeddedWebApplicationContext@730d2164: startup date [Wed Mar 23 07:45:16 CDT 2016]; parent: org.springframework.context.annotation.AnnotationConfigApplicationContext@6328d34a
2016-03-23 07:45:28.014  INFO 130068 --- [main] o.s.c.support.DefaultLifecycleProcessor  : Stopping beans in phase 0
2016-03-23 07:45:28.020  INFO 130068 --- [main] o.s.j.e.a.AnnotationMBeanExporter        : Unregistering JMX-exposed beans on shutdown
2016-03-23 07:45:28.020  INFO 130068 --- [main] o.s.j.e.a.AnnotationMBeanExporter        : Unregistering JMX-exposed beans
2016-03-23 07:45:28.022  INFO 130068 --- [main] o.s.c.n.servo.ServoMetricCollector       : Stopping Servo PollScheduler
2016-03-23 07:45:28.117  INFO 130068 --- [Thread-1] s.c.a.AnnotationConfigApplicationContext : Closing org.springframework.context.annotation.AnnotationConfigApplicationContext@6328d34a: startup date [Wed Mar 23 07:45:15 CDT 2016]; root of context hierarchy
2016-03-23 07:45:39.159  INFO 127952 --- [main] ationConfigEmbeddedWebApplicationContext : Refreshing org.springframework.boot.context.embedded.AnnotationConfigEmbeddedWebApplicationContext@36804139: startup date [Wed Mar 23 07:45:39 CDT 2016]; parent: org.springframework.context.annotation.AnnotationConfigApplicationContext@7f9fcf7f
2016-03-23 07:45:40.663  INFO 127952 --- [main] o.s.b.f.xml.XmlBeanDefinitionReader      : Loading XML bean definitions from class path resource [applicationContext-dao.xml]
2016-03-23 07:45:40.853  INFO 127952 --- [main] o.s.b.f.xml.XmlBeanDefinitionReader      : Loading XML bean definitions from class path resource [applicationContext-rules.xml]
2016-03-23 07:45:41.044  INFO 127952 --- [main] o.s.b.f.s.DefaultListableBeanFactory     : Overriding bean definition for bean 'beanNameViewResolver': replacing [Root bean: class [null]; scope=; abstract=false; lazyInit=false; autowireMode=3; dependencyCheck=0; autowireCandidate=true; primary=false; factoryBeanName=org.springframework.boot.autoconfigure.web.ErrorMvcAutoConfiguration$WhitelabelErrorViewConfiguration; factoryMethodName=beanNameViewResolver; initMethodName=null; destroyMethodName=(inferred); defined in class path resource [org/springframework/boot/autoconfigure/web/ErrorMvcAutoConfiguration$WhitelabelErrorViewConfiguration.class]] with [Root bean: class [null]; scope=; abstract=false; lazyInit=false; autowireMode=3; dependencyCheck=0; autowireCandidate=true; primary=false; factoryBeanName=org.springframework.boot.autoconfigure.web.WebMvcAutoConfiguration$WebMvcAutoConfigurationAdapter; factoryMethodName=beanNameViewResolver; initMethodName=null; destroyMethodName=(inferred); defined in class path resource [org/springframework/boot/autoconfigure/web/WebMvcAutoConfiguration$WebMvcAutoConfigurationAdapter.class]]
2016-03-23 07:45:41.364  INFO 127952 --- [main] o.s.b.f.s.DefaultListableBeanFactory     : Overriding bean definition for bean 'infoEndpoint': replacing [Root bean: class [null]; scope=; abstract=false; lazyInit=false; autowireMode=3; dependencyCheck=0; autowireCandidate=true; primary=false; factoryBeanName=org.springframework.boot.actuate.autoconfigure.EndpointAutoConfiguration; factoryMethodName=infoEndpoint; initMethodName=null; destroyMethodName=(inferred); defined in class path resource [org/springframework/boot/actuate/autoconfigure/EndpointAutoConfiguration.class]] with [Root bean: class [null]; scope=; abstract=false; lazyInit=false; autowireMode=3; dependencyCheck=0; autowireCandidate=true; primary=false; factoryBeanName=org.springframework.cloud.autoconfigure.RefreshAutoConfiguration$InfoEndpointRebinderConfiguration; factoryMethodName=infoEndpoint; initMethodName=null; destroyMethodName=(inferred); defined in class path resource [org/springframework/cloud/autoconfigure/RefreshAutoConfiguration$InfoEndpointRebinderConfiguration.class]]
2016-03-23 07:45:41.763  INFO 127952 --- [main] o.s.cloud.context.scope.GenericScope     : BeanFactory id=0665b548-42fc-3524-8d9b-3179149d029f
2016-03-23 07:45:41.771  INFO 127952 --- [main] f.a.AutowiredAnnotationBeanPostProcessor : JSR-330 'javax.inject.Inject' annotation found and supported for autowiring
2016-03-23 07:45:41.845  INFO 127952 --- [main] trationDelegate$BeanPostProcessorChecker : Bean 'org.springframework.cloud.autoconfigure.RefreshAutoConfiguration$ConfigurationPropertiesRebinderConfiguration' of type [class org.springframework.cloud.autoconfigure.RefreshAutoConfiguration$ConfigurationPropertiesRebinderConfiguration$$EnhancerBySpringCGLIB$$530b5c44] is not eligible for getting processed by all BeanPostProcessors (for example: not eligible for auto-proxying)
2016-03-23 07:45:42.804  INFO 127952 --- [main] s.b.c.e.t.TomcatEmbeddedServletContainer : Tomcat initialized with port(s): 8080 (http)
2016-03-23 07:45:43.178  INFO 127952 --- [main] o.apache.catalina.core.StandardService   : Starting service Tomcat
2016-03-23 07:45:43.180  INFO 127952 --- [main] org.apache.catalina.core.StandardEngine  : Starting Servlet Engine: Apache Tomcat/8.0.23
2016-03-23 07:45:43.442  INFO 127952 --- [localhost-startStop-1] o.a.c.c.C.[Tomcat].[localhost].[/]       : Initializing Spring embedded WebApplicationContext
2016-03-23 07:45:43.455  INFO 127952 --- [localhost-startStop-1] o.s.web.context.ContextLoader            : Root WebApplicationContext: initialization completed in 4296 ms
2016-03-23 07:45:45.705  INFO 127952 --- [localhost-startStop-1] o.s.b.c.e.ServletRegistrationBean        : Mapping servlet: 'dispatcherServlet' to [/]
2016-03-23 07:45:45.710  INFO 127952 --- [localhost-startStop-1] o.s.b.c.embedded.FilterRegistrationBean  : Mapping filter: 'metricFilter' to: [/*]
2016-03-23 07:45:45.710  INFO 127952 --- [localhost-startStop-1] o.s.b.c.embedded.FilterRegistrationBean  : Mapping filter: 'characterEncodingFilter' to: [/*]
2016-03-23 07:45:45.711  INFO 127952 --- [localhost-startStop-1] o.s.b.c.embedded.FilterRegistrationBean  : Mapping filter: 'hiddenHttpMethodFilter' to: [/*]
2016-03-23 07:45:45.711  INFO 127952 --- [localhost-startStop-1] o.s.b.c.embedded.FilterRegistrationBean  : Mapping filter: 'webRequestLoggingFilter' to: [/*]
2016-03-23 07:45:45.711  INFO 127952 --- [localhost-startStop-1] o.s.b.c.embedded.FilterRegistrationBean  : Mapping filter: 'applicationContextIdFilter' to: [/*]
2016-03-23 07:45:45.774  INFO 127952 --- [main] o.m.m.logging.MorphiaLoggerFactory       : LoggerImplFactory set to org.mongodb.morphia.logging.jdk.JDKLoggerFactory
2016-03-23 07:45:46.329  INFO 127952 --- [main] s.w.s.m.m.a.RequestMappingHandlerAdapter : Looking for @ControllerAdvice: org.springframework.boot.context.embedded.AnnotationConfigEmbeddedWebApplicationContext@36804139: startup date [Wed Mar 23 07:45:39 CDT 2016]; parent: org.springframework.context.annotation.AnnotationConfigApplicationContext@7f9fcf7f
2016-03-23 07:45:46.448  INFO 127952 --- [main] s.w.s.m.m.a.RequestMappingHandlerMapping : Mapped "{[/error],methods=[],params=[],headers=[],consumes=[],produces=[],custom=[]}" onto public org.springframework.http.ResponseEntity<java.util.Map<java.lang.String, java.lang.Object>> org.springframework.boot.autoconfigure.web.BasicErrorController.error(javax.servlet.http.HttpServletRequest)
2016-03-23 07:45:46.448  INFO 127952 --- [main] s.w.s.m.m.a.RequestMappingHandlerMapping : Mapped "{[/error],methods=[],params=[],headers=[],consumes=[],produces=[text/html],custom=[]}" onto public org.springframework.web.servlet.ModelAndView org.springframework.boot.autoconfigure.web.BasicErrorController.errorHtml(javax.servlet.http.HttpServletRequest)
2016-03-23 07:45:46.514  INFO 127952 --- [main] o.s.w.s.handler.SimpleUrlHandlerMapping  : Mapped URL path [/webjars/**] onto handler of type [class org.springframework.web.servlet.resource.ResourceHttpRequestHandler]
2016-03-23 07:45:46.515  INFO 127952 --- [main] o.s.w.s.handler.SimpleUrlHandlerMapping  : Mapped URL path [/**] onto handler of type [class org.springframework.web.servlet.resource.ResourceHttpRequestHandler]
2016-03-23 07:45:46.590  INFO 127952 --- [main] o.s.w.s.handler.SimpleUrlHandlerMapping  : Mapped URL path [/**/favicon.ico] onto handler of type [class org.springframework.web.servlet.resource.ResourceHttpRequestHandler]
2016-03-23 07:45:47.656  INFO 127952 --- [main] o.s.b.a.e.mvc.EndpointHandlerMapping     : Mapped "{[/beans],methods=[GET],params=[],headers=[],consumes=[],produces=[],custom=[]}" onto public java.lang.Object org.springframework.boot.actuate.endpoint.mvc.EndpointMvcAdapter.invoke()
2016-03-23 07:45:47.658  INFO 127952 --- [main] o.s.b.a.e.mvc.EndpointHandlerMapping     : Mapped "{[/info],methods=[GET],params=[],headers=[],consumes=[],produces=[],custom=[]}" onto public java.lang.Object org.springframework.boot.actuate.endpoint.mvc.EndpointMvcAdapter.invoke()
2016-03-23 07:45:47.658  INFO 127952 --- [main] o.s.b.a.e.mvc.EndpointHandlerMapping     : Mapped "{[/resume],methods=[POST],params=[],headers=[],consumes=[],produces=[],custom=[]}" onto public java.lang.Object org.springframework.cloud.endpoint.GenericPostableMvcEndpoint.invoke()
2016-03-23 07:45:47.659  INFO 127952 --- [main] o.s.b.a.e.mvc.EndpointHandlerMapping     : Mapped "{[/trace],methods=[GET],params=[],headers=[],consumes=[],produces=[],custom=[]}" onto public java.lang.Object org.springframework.boot.actuate.endpoint.mvc.EndpointMvcAdapter.invoke()
2016-03-23 07:45:47.659  INFO 127952 --- [main] o.s.b.a.e.mvc.EndpointHandlerMapping     : Mapped "{[/env/{name:.*}],methods=[GET],params=[],headers=[],consumes=[],produces=[],custom=[]}" onto public java.lang.Object org.springframework.boot.actuate.endpoint.mvc.EnvironmentMvcEndpoint.value(java.lang.String)
2016-03-23 07:45:47.661  INFO 127952 --- [main] o.s.b.a.e.mvc.EndpointHandlerMapping     : Mapped "{[/env],methods=[GET],params=[],headers=[],consumes=[],produces=[],custom=[]}" onto public java.lang.Object org.springframework.boot.actuate.endpoint.mvc.EndpointMvcAdapter.invoke()
2016-03-23 07:45:47.662  INFO 127952 --- [main] o.s.b.a.e.mvc.EndpointHandlerMapping     : Mapped "{[/mappings],methods=[GET],params=[],headers=[],consumes=[],produces=[],custom=[]}" onto public java.lang.Object org.springframework.boot.actuate.endpoint.mvc.EndpointMvcAdapter.invoke()
2016-03-23 07:45:47.662  INFO 127952 --- [main] o.s.b.a.e.mvc.EndpointHandlerMapping     : Mapped "{[/archaius],methods=[GET],params=[],headers=[],consumes=[],produces=[],custom=[]}" onto public java.lang.Object org.springframework.boot.actuate.endpoint.mvc.EndpointMvcAdapter.invoke()
2016-03-23 07:45:47.663  INFO 127952 --- [main] o.s.b.a.e.mvc.EndpointHandlerMapping     : Mapped "{[/configprops],methods=[GET],params=[],headers=[],consumes=[],produces=[],custom=[]}" onto public java.lang.Object org.springframework.boot.actuate.endpoint.mvc.EndpointMvcAdapter.invoke()
2016-03-23 07:45:47.663  INFO 127952 --- [main] o.s.b.a.e.mvc.EndpointHandlerMapping     : Mapped "{[/pause],methods=[POST],params=[],headers=[],consumes=[],produces=[],custom=[]}" onto public java.lang.Object org.springframework.cloud.endpoint.GenericPostableMvcEndpoint.invoke()
2016-03-23 07:45:47.664  INFO 127952 --- [main] o.s.b.a.e.mvc.EndpointHandlerMapping     : Mapped "{[/health],methods=[],params=[],headers=[],consumes=[],produces=[],custom=[]}" onto public java.lang.Object org.springframework.boot.actuate.endpoint.mvc.HealthMvcEndpoint.invoke(java.security.Principal)
2016-03-23 07:45:47.664  INFO 127952 --- [main] o.s.b.a.e.mvc.EndpointHandlerMapping     : Mapped "{[/metrics/{name:.*}],methods=[GET],params=[],headers=[],consumes=[],produces=[],custom=[]}" onto public java.lang.Object org.springframework.boot.actuate.endpoint.mvc.MetricsMvcEndpoint.value(java.lang.String)
2016-03-23 07:45:47.664  INFO 127952 --- [main] o.s.b.a.e.mvc.EndpointHandlerMapping     : Mapped "{[/metrics],methods=[GET],params=[],headers=[],consumes=[],produces=[],custom=[]}" onto public java.lang.Object org.springframework.boot.actuate.endpoint.mvc.EndpointMvcAdapter.invoke()
2016-03-23 07:45:47.665  INFO 127952 --- [main] o.s.b.a.e.mvc.EndpointHandlerMapping     : Mapped "{[/refresh],methods=[POST],params=[],headers=[],consumes=[],produces=[],custom=[]}" onto public java.lang.Object org.springframework.cloud.endpoint.GenericPostableMvcEndpoint.invoke()
2016-03-23 07:45:47.665  INFO 127952 --- [main] o.s.b.a.e.mvc.EndpointHandlerMapping     : Mapped "{[/autoconfig],methods=[GET],params=[],headers=[],consumes=[],produces=[],custom=[]}" onto public java.lang.Object org.springframework.boot.actuate.endpoint.mvc.EndpointMvcAdapter.invoke()
2016-03-23 07:45:47.666  INFO 127952 --- [main] o.s.b.a.e.mvc.EndpointHandlerMapping     : Mapped "{[/env],methods=[POST],params=[],headers=[],consumes=[],produces=[],custom=[]}" onto public java.lang.Object org.springframework.cloud.context.environment.EnvironmentManagerMvcEndpoint.value(java.util.Map<java.lang.String, java.lang.String>)
2016-03-23 07:45:47.666  INFO 127952 --- [main] o.s.b.a.e.mvc.EndpointHandlerMapping     : Mapped "{[/env/reset],methods=[POST],params=[],headers=[],consumes=[],produces=[],custom=[]}" onto public java.util.Map<java.lang.String, java.lang.Object> org.springframework.cloud.context.environment.EnvironmentManagerMvcEndpoint.reset()
2016-03-23 07:45:47.667  INFO 127952 --- [main] o.s.b.a.e.mvc.EndpointHandlerMapping     : Mapped "{[/restart],methods=[POST],params=[],headers=[],consumes=[],produces=[],custom=[]}" onto public java.lang.Object org.springframework.cloud.context.restart.RestartMvcEndpoint.invoke()
2016-03-23 07:45:47.667  INFO 127952 --- [main] o.s.b.a.e.mvc.EndpointHandlerMapping     : Mapped "{[/dump],methods=[GET],params=[],headers=[],consumes=[],produces=[],custom=[]}" onto public java.lang.Object org.springframework.boot.actuate.endpoint.mvc.EndpointMvcAdapter.invoke()
2016-03-23 07:45:47.822  INFO 127952 --- [main] o.s.ui.freemarker.SpringTemplateLoader   : SpringTemplateLoader for FreeMarker: using resource loader [org.springframework.boot.context.embedded.AnnotationConfigEmbeddedWebApplicationContext@36804139: startup date [Wed Mar 23 07:45:39 CDT 2016]; parent: org.springframework.context.annotation.AnnotationConfigApplicationContext@7f9fcf7f] and template loader path [classpath:/templates/]
2016-03-23 07:45:47.824  INFO 127952 --- [main] o.s.w.s.v.f.FreeMarkerConfigurer         : ClassTemplateLoader for Spring macros added to FreeMarker configuration
2016-03-23 07:45:48.385  WARN 127952 --- [main] c.n.c.sources.URLConfigurationSource     : No URLs will be polled as dynamic configuration sources.
2016-03-23 07:45:48.386  INFO 127952 --- [main] c.n.c.sources.URLConfigurationSource     : To enable URLs as dynamic configuration sources, define System property archaius.configurationSource.additionalUrls or make config.properties available on classpath.
2016-03-23 07:45:48.405  WARN 127952 --- [main] c.n.c.sources.URLConfigurationSource     : No URLs will be polled as dynamic configuration sources.
2016-03-23 07:45:48.406  INFO 127952 --- [main] c.n.c.sources.URLConfigurationSource     : To enable URLs as dynamic configuration sources, define System property archaius.configurationSource.additionalUrls or make config.properties available on classpath.
2016-03-23 07:45:48.462  INFO 127952 --- [main] o.s.j.e.a.AnnotationMBeanExporter        : Registering beans for JMX exposure on startup
2016-03-23 07:45:48.480  INFO 127952 --- [main] o.s.j.e.a.AnnotationMBeanExporter        : Bean with name 'refreshEndpoint' has been autodetected for JMX exposure
2016-03-23 07:45:48.483  INFO 127952 --- [main] o.s.j.e.a.AnnotationMBeanExporter        : Bean with name 'restartEndpoint' has been autodetected for JMX exposure
2016-03-23 07:45:48.491  INFO 127952 --- [main] o.s.j.e.a.AnnotationMBeanExporter        : Bean with name 'configurationPropertiesRebinder' has been autodetected for JMX exposure
2016-03-23 07:45:48.492  INFO 127952 --- [main] o.s.j.e.a.AnnotationMBeanExporter        : Bean with name 'refreshScope' has been autodetected for JMX exposure
2016-03-23 07:45:48.493  INFO 127952 --- [main] o.s.j.e.a.AnnotationMBeanExporter        : Bean with name 'environmentManager' has been autodetected for JMX exposure
2016-03-23 07:45:48.498  INFO 127952 --- [main] o.s.j.e.a.AnnotationMBeanExporter        : Located managed bean 'environmentManager': registering with JMX server as MBean [org.springframework.cloud.context.environment:name=environmentManager,type=EnvironmentManager]
2016-03-23 07:45:48.515  INFO 127952 --- [main] o.s.j.e.a.AnnotationMBeanExporter        : Located managed bean 'restartEndpoint': registering with JMX server as MBean [org.springframework.cloud.context.restart:name=restartEndpoint,type=RestartEndpoint]
2016-03-23 07:45:48.532  INFO 127952 --- [main] o.s.j.e.a.AnnotationMBeanExporter        : Located managed bean 'refreshScope': registering with JMX server as MBean [org.springframework.cloud.context.scope.refresh:name=refreshScope,type=RefreshScope]
2016-03-23 07:45:48.543  INFO 127952 --- [main] o.s.j.e.a.AnnotationMBeanExporter        : Located managed bean 'configurationPropertiesRebinder': registering with JMX server as MBean [org.springframework.cloud.context.properties:name=configurationPropertiesRebinder,context=36804139,type=ConfigurationPropertiesRebinder]
2016-03-23 07:45:48.554  INFO 127952 --- [main] o.s.j.e.a.AnnotationMBeanExporter        : Located managed bean 'refreshEndpoint': registering with JMX server as MBean [org.springframework.cloud.bootstrap.config:name=refreshEndpoint,type=RefreshEndpoint]
2016-03-23 07:45:48.562  INFO 127952 --- [main] o.s.c.support.DefaultLifecycleProcessor  : Starting beans in phase 0
2016-03-23 07:45:48.757  INFO 127952 --- [main] s.b.c.e.t.TomcatEmbeddedServletContainer : Tomcat started on port(s): 8080 (http)
2016-03-23 07:45:48.763  INFO 127952 --- [main] com.sensor.tests.TestRules               : Started TestRules in 11.043 seconds (JVM running for 11.913)
2016-03-23 07:45:48.766  INFO 127952 --- [main] org.easyrules.api.RulesEngine            : Engine name: engine
2016-03-23 07:45:48.768  INFO 127952 --- [main] org.easyrules.api.RulesEngine            : Rule priority threshold: 2,147,483,647
2016-03-23 07:45:48.769  INFO 127952 --- [main] org.easyrules.api.RulesEngine            : Skip on first applied rule: false
2016-03-23 07:45:48.771  INFO 127952 --- [main] org.easyrules.api.RulesEngine            : Skip on first failed rule: false
2016-03-23 07:45:48.771  INFO 127952 --- [main] org.easyrules.api.RulesEngine            : Registered rules:
2016-03-23 07:45:48.772  INFO 127952 --- [main] org.easyrules.api.RulesEngine            : Rule { name = 'overWeightRule', description = 'when isOverWeight then markAsOverWeight', priority = '2147483646'}
2016-03-23 07:45:48.773  INFO 127952 --- [main] org.easyrules.api.RulesEngine            : Rule { name = 'underWeightRule', description = 'when isUnderWeight then markAsUnderWeight', priority = '2147483646'}
2016-03-23 07:45:48.773  INFO 127952 --- [main] org.easyrules.api.RulesEngine            : Rules evaluation started
2016-03-23 07:45:48.774  INFO 127952 --- [main] org.easyrules.api.RulesEngine            : Rule 'overWeightRule' triggered
2016-03-23 07:45:48.775  INFO 127952 --- [main] org.easyrules.api.RulesEngine            : Rule 'overWeightRule' performed successfully
2016-03-23 07:45:48.776  INFO 127952 --- [main] org.easyrules.api.RulesEngine            : Rule 'underWeightRule' has been evaluated to false, it has not been executed
2016-03-23 07:45:48.785  INFO 127952 --- [main] org.easyrules.api.RulesEngine            : Engine name: engine
2016-03-23 07:45:48.786  INFO 127952 --- [main] org.easyrules.api.RulesEngine            : Rule priority threshold: 2,147,483,647
2016-03-23 07:45:48.786  INFO 127952 --- [main] org.easyrules.api.RulesEngine            : Skip on first applied rule: false
2016-03-23 07:45:48.786  INFO 127952 --- [main] org.easyrules.api.RulesEngine            : Skip on first failed rule: false
2016-03-23 07:45:48.786  INFO 127952 --- [main] org.easyrules.api.RulesEngine            : Registered rules:
2016-03-23 07:45:48.787  INFO 127952 --- [main] org.easyrules.api.RulesEngine            : Rule { name = 'overWeightRule', description = 'when isOverWeight then markAsOverWeight', priority = '2147483646'}
2016-03-23 07:45:48.787  INFO 127952 --- [main] org.easyrules.api.RulesEngine            : Rule { name = 'underWeightRule', description = 'when isUnderWeight then markAsUnderWeight', priority = '2147483646'}
2016-03-23 07:45:48.787  INFO 127952 --- [main] org.easyrules.api.RulesEngine            : Rules evaluation started
2016-03-23 07:45:48.787  INFO 127952 --- [main] org.easyrules.api.RulesEngine            : Rule 'overWeightRule' has been evaluated to false, it has not been executed
2016-03-23 07:45:48.787  INFO 127952 --- [main] org.easyrules.api.RulesEngine            : Rule 'underWeightRule' triggered
2016-03-23 07:45:48.787  INFO 127952 --- [main] org.easyrules.api.RulesEngine            : Rule 'underWeightRule' performed successfully
2016-03-23 07:45:48.789  INFO 127952 --- [main] ationConfigEmbeddedWebApplicationContext : Closing org.springframework.boot.context.embedded.AnnotationConfigEmbeddedWebApplicationContext@36804139: startup date [Wed Mar 23 07:45:39 CDT 2016]; parent: org.springframework.context.annotation.AnnotationConfigApplicationContext@7f9fcf7f
2016-03-23 07:45:48.793  INFO 127952 --- [main] o.s.c.support.DefaultLifecycleProcessor  : Stopping beans in phase 0
2016-03-23 07:45:48.799  INFO 127952 --- [main] o.s.j.e.a.AnnotationMBeanExporter        : Unregistering JMX-exposed beans on shutdown
2016-03-23 07:45:48.799  INFO 127952 --- [main] o.s.j.e.a.AnnotationMBeanExporter        : Unregistering JMX-exposed beans
2016-03-23 07:45:48.800  INFO 127952 --- [main] o.s.c.n.servo.ServoMetricCollector       : Stopping Servo PollScheduler
2016-03-23 07:45:48.888  INFO 127952 --- [Thread-1] s.c.a.AnnotationConfigApplicationContext : Closing org.springframework.context.annotation.AnnotationConfigApplicationContext@7f9fcf7f: startup date [Wed Mar 23 07:45:38 CDT 2016]; root of context hierarchy
2016-03-23 07:48:02.716  INFO 132864 --- [main] ationConfigEmbeddedWebApplicationContext : Refreshing org.springframework.boot.context.embedded.AnnotationConfigEmbeddedWebApplicationContext@2d6764b2: startup date [Wed Mar 23 07:48:02 CDT 2016]; parent: org.springframework.context.annotation.AnnotationConfigApplicationContext@41fecb8b
2016-03-23 07:48:05.009  INFO 132864 --- [main] o.s.b.f.xml.XmlBeanDefinitionReader      : Loading XML bean definitions from class path resource [applicationContext-dao.xml]
2016-03-23 07:48:10.579  INFO 132864 --- [main] o.s.b.f.xml.XmlBeanDefinitionReader      : Loading XML bean definitions from class path resource [applicationContext-rules.xml]
2016-03-23 07:48:10.901  INFO 132864 --- [main] o.s.b.f.s.DefaultListableBeanFactory     : Overriding bean definition for bean 'beanNameViewResolver': replacing [Root bean: class [null]; scope=; abstract=false; lazyInit=false; autowireMode=3; dependencyCheck=0; autowireCandidate=true; primary=false; factoryBeanName=org.springframework.boot.autoconfigure.web.ErrorMvcAutoConfiguration$WhitelabelErrorViewConfiguration; factoryMethodName=beanNameViewResolver; initMethodName=null; destroyMethodName=(inferred); defined in class path resource [org/springframework/boot/autoconfigure/web/ErrorMvcAutoConfiguration$WhitelabelErrorViewConfiguration.class]] with [Root bean: class [null]; scope=; abstract=false; lazyInit=false; autowireMode=3; dependencyCheck=0; autowireCandidate=true; primary=false; factoryBeanName=org.springframework.boot.autoconfigure.web.WebMvcAutoConfiguration$WebMvcAutoConfigurationAdapter; factoryMethodName=beanNameViewResolver; initMethodName=null; destroyMethodName=(inferred); defined in class path resource [org/springframework/boot/autoconfigure/web/WebMvcAutoConfiguration$WebMvcAutoConfigurationAdapter.class]]
2016-03-23 07:48:11.528  INFO 132864 --- [main] o.s.b.f.s.DefaultListableBeanFactory     : Overriding bean definition for bean 'infoEndpoint': replacing [Root bean: class [null]; scope=; abstract=false; lazyInit=false; autowireMode=3; dependencyCheck=0; autowireCandidate=true; primary=false; factoryBeanName=org.springframework.boot.actuate.autoconfigure.EndpointAutoConfiguration; factoryMethodName=infoEndpoint; initMethodName=null; destroyMethodName=(inferred); defined in class path resource [org/springframework/boot/actuate/autoconfigure/EndpointAutoConfiguration.class]] with [Root bean: class [null]; scope=; abstract=false; lazyInit=false; autowireMode=3; dependencyCheck=0; autowireCandidate=true; primary=false; factoryBeanName=org.springframework.cloud.autoconfigure.RefreshAutoConfiguration$InfoEndpointRebinderConfiguration; factoryMethodName=infoEndpoint; initMethodName=null; destroyMethodName=(inferred); defined in class path resource [org/springframework/cloud/autoconfigure/RefreshAutoConfiguration$InfoEndpointRebinderConfiguration.class]]
2016-03-23 07:48:12.355  INFO 132864 --- [main] o.s.cloud.context.scope.GenericScope     : BeanFactory id=88a0476e-1464-320b-b5b6-7988b472374d
2016-03-23 07:48:12.364  INFO 132864 --- [main] f.a.AutowiredAnnotationBeanPostProcessor : JSR-330 'javax.inject.Inject' annotation found and supported for autowiring
2016-03-23 07:48:12.513  INFO 132864 --- [main] trationDelegate$BeanPostProcessorChecker : Bean 'org.springframework.cloud.autoconfigure.RefreshAutoConfiguration$ConfigurationPropertiesRebinderConfiguration' of type [class org.springframework.cloud.autoconfigure.RefreshAutoConfiguration$ConfigurationPropertiesRebinderConfiguration$$EnhancerBySpringCGLIB$$3cadd93e] is not eligible for getting processed by all BeanPostProcessors (for example: not eligible for auto-proxying)
2016-03-23 07:48:19.614  INFO 132864 --- [main] s.b.c.e.t.TomcatEmbeddedServletContainer : Tomcat initialized with port(s): 8080 (http)
2016-03-23 07:48:30.251  INFO 132864 --- [main] o.apache.catalina.core.StandardService   : Starting service Tomcat
2016-03-23 07:48:30.279  INFO 132864 --- [main] org.apache.catalina.core.StandardEngine  : Starting Servlet Engine: Apache Tomcat/8.0.23
2016-03-23 07:48:32.912  INFO 132864 --- [localhost-startStop-1] o.a.c.c.C.[Tomcat].[localhost].[/]       : Initializing Spring embedded WebApplicationContext
2016-03-23 07:48:32.913  INFO 132864 --- [localhost-startStop-1] o.s.web.context.ContextLoader            : Root WebApplicationContext: initialization completed in 30197 ms
2016-03-23 07:48:37.616  INFO 132864 --- [localhost-startStop-1] o.s.b.c.e.ServletRegistrationBean        : Mapping servlet: 'dispatcherServlet' to [/]
2016-03-23 07:48:37.623  INFO 132864 --- [localhost-startStop-1] o.s.b.c.embedded.FilterRegistrationBean  : Mapping filter: 'metricFilter' to: [/*]
2016-03-23 07:48:37.731  INFO 132864 --- [localhost-startStop-1] o.s.b.c.embedded.FilterRegistrationBean  : Mapping filter: 'characterEncodingFilter' to: [/*]
2016-03-23 07:48:37.732  INFO 132864 --- [localhost-startStop-1] o.s.b.c.embedded.FilterRegistrationBean  : Mapping filter: 'hiddenHttpMethodFilter' to: [/*]
2016-03-23 07:48:37.732  INFO 132864 --- [localhost-startStop-1] o.s.b.c.embedded.FilterRegistrationBean  : Mapping filter: 'webRequestLoggingFilter' to: [/*]
2016-03-23 07:48:37.733  INFO 132864 --- [localhost-startStop-1] o.s.b.c.embedded.FilterRegistrationBean  : Mapping filter: 'applicationContextIdFilter' to: [/*]
2016-03-23 07:48:38.526  INFO 132864 --- [main] o.m.m.logging.MorphiaLoggerFactory       : LoggerImplFactory set to org.mongodb.morphia.logging.jdk.JDKLoggerFactory
2016-03-23 07:48:43.575  INFO 132864 --- [main] s.w.s.m.m.a.RequestMappingHandlerAdapter : Looking for @ControllerAdvice: org.springframework.boot.context.embedded.AnnotationConfigEmbeddedWebApplicationContext@2d6764b2: startup date [Wed Mar 23 07:48:02 CDT 2016]; parent: org.springframework.context.annotation.AnnotationConfigApplicationContext@41fecb8b
2016-03-23 07:48:43.734  INFO 132864 --- [main] s.w.s.m.m.a.RequestMappingHandlerMapping : Mapped "{[/error],methods=[],params=[],headers=[],consumes=[],produces=[],custom=[]}" onto public org.springframework.http.ResponseEntity<java.util.Map<java.lang.String, java.lang.Object>> org.springframework.boot.autoconfigure.web.BasicErrorController.error(javax.servlet.http.HttpServletRequest)
2016-03-23 07:48:43.735  INFO 132864 --- [main] s.w.s.m.m.a.RequestMappingHandlerMapping : Mapped "{[/error],methods=[],params=[],headers=[],consumes=[],produces=[text/html],custom=[]}" onto public org.springframework.web.servlet.ModelAndView org.springframework.boot.autoconfigure.web.BasicErrorController.errorHtml(javax.servlet.http.HttpServletRequest)
2016-03-23 07:48:43.847  INFO 132864 --- [main] o.s.w.s.handler.SimpleUrlHandlerMapping  : Mapped URL path [/webjars/**] onto handler of type [class org.springframework.web.servlet.resource.ResourceHttpRequestHandler]
2016-03-23 07:48:43.848  INFO 132864 --- [main] o.s.w.s.handler.SimpleUrlHandlerMapping  : Mapped URL path [/**] onto handler of type [class org.springframework.web.servlet.resource.ResourceHttpRequestHandler]
2016-03-23 07:48:43.936  INFO 132864 --- [main] o.s.w.s.handler.SimpleUrlHandlerMapping  : Mapped URL path [/**/favicon.ico] onto handler of type [class org.springframework.web.servlet.resource.ResourceHttpRequestHandler]
2016-03-23 07:48:46.841  INFO 132864 --- [main] o.s.b.a.e.mvc.EndpointHandlerMapping     : Mapped "{[/beans],methods=[GET],params=[],headers=[],consumes=[],produces=[],custom=[]}" onto public java.lang.Object org.springframework.boot.actuate.endpoint.mvc.EndpointMvcAdapter.invoke()
2016-03-23 07:48:46.842  INFO 132864 --- [main] o.s.b.a.e.mvc.EndpointHandlerMapping     : Mapped "{[/trace],methods=[GET],params=[],headers=[],consumes=[],produces=[],custom=[]}" onto public java.lang.Object org.springframework.boot.actuate.endpoint.mvc.EndpointMvcAdapter.invoke()
2016-03-23 07:48:46.843  INFO 132864 --- [main] o.s.b.a.e.mvc.EndpointHandlerMapping     : Mapped "{[/env/{name:.*}],methods=[GET],params=[],headers=[],consumes=[],produces=[],custom=[]}" onto public java.lang.Object org.springframework.boot.actuate.endpoint.mvc.EnvironmentMvcEndpoint.value(java.lang.String)
2016-03-23 07:48:46.844  INFO 132864 --- [main] o.s.b.a.e.mvc.EndpointHandlerMapping     : Mapped "{[/env],methods=[GET],params=[],headers=[],consumes=[],produces=[],custom=[]}" onto public java.lang.Object org.springframework.boot.actuate.endpoint.mvc.EndpointMvcAdapter.invoke()
2016-03-23 07:48:46.844  INFO 132864 --- [main] o.s.b.a.e.mvc.EndpointHandlerMapping     : Mapped "{[/mappings],methods=[GET],params=[],headers=[],consumes=[],produces=[],custom=[]}" onto public java.lang.Object org.springframework.boot.actuate.endpoint.mvc.EndpointMvcAdapter.invoke()
2016-03-23 07:48:46.845  INFO 132864 --- [main] o.s.b.a.e.mvc.EndpointHandlerMapping     : Mapped "{[/archaius],methods=[GET],params=[],headers=[],consumes=[],produces=[],custom=[]}" onto public java.lang.Object org.springframework.boot.actuate.endpoint.mvc.EndpointMvcAdapter.invoke()
2016-03-23 07:48:46.846  INFO 132864 --- [main] o.s.b.a.e.mvc.EndpointHandlerMapping     : Mapped "{[/dump],methods=[GET],params=[],headers=[],consumes=[],produces=[],custom=[]}" onto public java.lang.Object org.springframework.boot.actuate.endpoint.mvc.EndpointMvcAdapter.invoke()
2016-03-23 07:48:46.847  INFO 132864 --- [main] o.s.b.a.e.mvc.EndpointHandlerMapping     : Mapped "{[/health],methods=[],params=[],headers=[],consumes=[],produces=[],custom=[]}" onto public java.lang.Object org.springframework.boot.actuate.endpoint.mvc.HealthMvcEndpoint.invoke(java.security.Principal)
2016-03-23 07:48:46.847  INFO 132864 --- [main] o.s.b.a.e.mvc.EndpointHandlerMapping     : Mapped "{[/metrics/{name:.*}],methods=[GET],params=[],headers=[],consumes=[],produces=[],custom=[]}" onto public java.lang.Object org.springframework.boot.actuate.endpoint.mvc.MetricsMvcEndpoint.value(java.lang.String)
2016-03-23 07:48:46.847  INFO 132864 --- [main] o.s.b.a.e.mvc.EndpointHandlerMapping     : Mapped "{[/metrics],methods=[GET],params=[],headers=[],consumes=[],produces=[],custom=[]}" onto public java.lang.Object org.springframework.boot.actuate.endpoint.mvc.EndpointMvcAdapter.invoke()
2016-03-23 07:48:46.848  INFO 132864 --- [main] o.s.b.a.e.mvc.EndpointHandlerMapping     : Mapped "{[/env],methods=[POST],params=[],headers=[],consumes=[],produces=[],custom=[]}" onto public java.lang.Object org.springframework.cloud.context.environment.EnvironmentManagerMvcEndpoint.value(java.util.Map<java.lang.String, java.lang.String>)
2016-03-23 07:48:46.849  INFO 132864 --- [main] o.s.b.a.e.mvc.EndpointHandlerMapping     : Mapped "{[/env/reset],methods=[POST],params=[],headers=[],consumes=[],produces=[],custom=[]}" onto public java.util.Map<java.lang.String, java.lang.Object> org.springframework.cloud.context.environment.EnvironmentManagerMvcEndpoint.reset()
2016-03-23 07:48:46.849  INFO 132864 --- [main] o.s.b.a.e.mvc.EndpointHandlerMapping     : Mapped "{[/info],methods=[GET],params=[],headers=[],consumes=[],produces=[],custom=[]}" onto public java.lang.Object org.springframework.boot.actuate.endpoint.mvc.EndpointMvcAdapter.invoke()
2016-03-23 07:48:46.850  INFO 132864 --- [main] o.s.b.a.e.mvc.EndpointHandlerMapping     : Mapped "{[/refresh],methods=[POST],params=[],headers=[],consumes=[],produces=[],custom=[]}" onto public java.lang.Object org.springframework.cloud.endpoint.GenericPostableMvcEndpoint.invoke()
2016-03-23 07:48:46.852  INFO 132864 --- [main] o.s.b.a.e.mvc.EndpointHandlerMapping     : Mapped "{[/resume],methods=[POST],params=[],headers=[],consumes=[],produces=[],custom=[]}" onto public java.lang.Object org.springframework.cloud.endpoint.GenericPostableMvcEndpoint.invoke()
2016-03-23 07:48:46.852  INFO 132864 --- [main] o.s.b.a.e.mvc.EndpointHandlerMapping     : Mapped "{[/restart],methods=[POST],params=[],headers=[],consumes=[],produces=[],custom=[]}" onto public java.lang.Object org.springframework.cloud.context.restart.RestartMvcEndpoint.invoke()
2016-03-23 07:48:46.853  INFO 132864 --- [main] o.s.b.a.e.mvc.EndpointHandlerMapping     : Mapped "{[/configprops],methods=[GET],params=[],headers=[],consumes=[],produces=[],custom=[]}" onto public java.lang.Object org.springframework.boot.actuate.endpoint.mvc.EndpointMvcAdapter.invoke()
2016-03-23 07:48:46.854  INFO 132864 --- [main] o.s.b.a.e.mvc.EndpointHandlerMapping     : Mapped "{[/autoconfig],methods=[GET],params=[],headers=[],consumes=[],produces=[],custom=[]}" onto public java.lang.Object org.springframework.boot.actuate.endpoint.mvc.EndpointMvcAdapter.invoke()
2016-03-23 07:48:46.855  INFO 132864 --- [main] o.s.b.a.e.mvc.EndpointHandlerMapping     : Mapped "{[/pause],methods=[POST],params=[],headers=[],consumes=[],produces=[],custom=[]}" onto public java.lang.Object org.springframework.cloud.endpoint.GenericPostableMvcEndpoint.invoke()
2016-03-23 07:48:47.053  INFO 132864 --- [main] o.s.ui.freemarker.SpringTemplateLoader   : SpringTemplateLoader for FreeMarker: using resource loader [org.springframework.boot.context.embedded.AnnotationConfigEmbeddedWebApplicationContext@2d6764b2: startup date [Wed Mar 23 07:48:02 CDT 2016]; parent: org.springframework.context.annotation.AnnotationConfigApplicationContext@41fecb8b] and template loader path [classpath:/templates/]
2016-03-23 07:48:47.055  INFO 132864 --- [main] o.s.w.s.v.f.FreeMarkerConfigurer         : ClassTemplateLoader for Spring macros added to FreeMarker configuration
2016-03-23 07:48:47.898  WARN 132864 --- [main] c.n.c.sources.URLConfigurationSource     : No URLs will be polled as dynamic configuration sources.
2016-03-23 07:48:47.899  INFO 132864 --- [main] c.n.c.sources.URLConfigurationSource     : To enable URLs as dynamic configuration sources, define System property archaius.configurationSource.additionalUrls or make config.properties available on classpath.
2016-03-23 07:48:47.914  WARN 132864 --- [main] c.n.c.sources.URLConfigurationSource     : No URLs will be polled as dynamic configuration sources.
2016-03-23 07:48:47.916  INFO 132864 --- [main] c.n.c.sources.URLConfigurationSource     : To enable URLs as dynamic configuration sources, define System property archaius.configurationSource.additionalUrls or make config.properties available on classpath.
2016-03-23 07:48:47.958  INFO 132864 --- [main] o.s.j.e.a.AnnotationMBeanExporter        : Registering beans for JMX exposure on startup
2016-03-23 07:48:47.975  INFO 132864 --- [main] o.s.j.e.a.AnnotationMBeanExporter        : Bean with name 'refreshEndpoint' has been autodetected for JMX exposure
2016-03-23 07:48:47.976  INFO 132864 --- [main] o.s.j.e.a.AnnotationMBeanExporter        : Bean with name 'restartEndpoint' has been autodetected for JMX exposure
2016-03-23 07:48:47.977  INFO 132864 --- [main] o.s.j.e.a.AnnotationMBeanExporter        : Bean with name 'configurationPropertiesRebinder' has been autodetected for JMX exposure
2016-03-23 07:48:47.978  INFO 132864 --- [main] o.s.j.e.a.AnnotationMBeanExporter        : Bean with name 'refreshScope' has been autodetected for JMX exposure
2016-03-23 07:48:47.979  INFO 132864 --- [main] o.s.j.e.a.AnnotationMBeanExporter        : Bean with name 'environmentManager' has been autodetected for JMX exposure
2016-03-23 07:48:47.982  INFO 132864 --- [main] o.s.j.e.a.AnnotationMBeanExporter        : Located managed bean 'environmentManager': registering with JMX server as MBean [org.springframework.cloud.context.environment:name=environmentManager,type=EnvironmentManager]
2016-03-23 07:48:48.044  INFO 132864 --- [main] o.s.j.e.a.AnnotationMBeanExporter        : Located managed bean 'restartEndpoint': registering with JMX server as MBean [org.springframework.cloud.context.restart:name=restartEndpoint,type=RestartEndpoint]
2016-03-23 07:48:48.057  INFO 132864 --- [main] o.s.j.e.a.AnnotationMBeanExporter        : Located managed bean 'refreshScope': registering with JMX server as MBean [org.springframework.cloud.context.scope.refresh:name=refreshScope,type=RefreshScope]
2016-03-23 07:48:48.072  INFO 132864 --- [main] o.s.j.e.a.AnnotationMBeanExporter        : Located managed bean 'configurationPropertiesRebinder': registering with JMX server as MBean [org.springframework.cloud.context.properties:name=configurationPropertiesRebinder,context=2d6764b2,type=ConfigurationPropertiesRebinder]
2016-03-23 07:48:48.083  INFO 132864 --- [main] o.s.j.e.a.AnnotationMBeanExporter        : Located managed bean 'refreshEndpoint': registering with JMX server as MBean [org.springframework.cloud.bootstrap.config:name=refreshEndpoint,type=RefreshEndpoint]
2016-03-23 07:48:48.091  INFO 132864 --- [main] o.s.c.support.DefaultLifecycleProcessor  : Starting beans in phase 0
2016-03-23 07:48:48.929  INFO 132864 --- [main] s.b.c.e.t.TomcatEmbeddedServletContainer : Tomcat started on port(s): 8080 (http)
2016-03-23 07:48:48.931  INFO 132864 --- [main] com.sensor.tests.TestController          : Started TestController in 48.166 seconds (JVM running for 50.578)
2016-03-23 07:48:50.698  INFO 132864 --- [main] ationConfigEmbeddedWebApplicationContext : Closing org.springframework.boot.context.embedded.AnnotationConfigEmbeddedWebApplicationContext@2d6764b2: startup date [Wed Mar 23 07:48:02 CDT 2016]; parent: org.springframework.context.annotation.AnnotationConfigApplicationContext@41fecb8b
2016-03-23 07:48:50.917  INFO 132864 --- [main] o.s.c.support.DefaultLifecycleProcessor  : Stopping beans in phase 0
2016-03-23 07:48:51.009  INFO 132864 --- [main] o.s.j.e.a.AnnotationMBeanExporter        : Unregistering JMX-exposed beans on shutdown
2016-03-23 07:48:51.010  INFO 132864 --- [main] o.s.j.e.a.AnnotationMBeanExporter        : Unregistering JMX-exposed beans
2016-03-23 07:48:51.012  INFO 132864 --- [main] o.s.c.n.servo.ServoMetricCollector       : Stopping Servo PollScheduler
2016-03-23 07:48:52.860  INFO 132864 --- [Thread-1] s.c.a.AnnotationConfigApplicationContext : Closing org.springframework.context.annotation.AnnotationConfigApplicationContext@41fecb8b: startup date [Wed Mar 23 07:48:01 CDT 2016]; root of context hierarchy
